{"level":"info","message":"[Fri Nov 10 2017 00:15:28 GMT+0530 (India Standard Time)] Executing (default): CREATE TABLE IF NOT EXISTS `Users` (`id` INTEGER PRIMARY KEY AUTOINCREMENT, `name` VARCHAR(255) NOT NULL, `password` VARCHAR(255) NOT NULL, `email` VARCHAR(255) NOT NULL UNIQUE, `created_at` DATETIME NOT NULL, `updated_at` DATETIME NOT NULL, UNIQUE (`email`));","timestamp":"2017-11-09T18:45:28.462Z"}
{"level":"info","message":"[Fri Nov 10 2017 00:15:28 GMT+0530 (India Standard Time)] Executing (default): PRAGMA INDEX_LIST(`Users`)","timestamp":"2017-11-09T18:45:28.476Z"}
{"level":"info","message":"[Fri Nov 10 2017 00:15:28 GMT+0530 (India Standard Time)] Executing (default): PRAGMA INDEX_INFO(`sqlite_autoindex_Users_1`)","timestamp":"2017-11-09T18:45:28.480Z"}
{"level":"info","message":"[Fri Nov 10 2017 00:15:28 GMT+0530 (India Standard Time)] Executing (default): CREATE TABLE IF NOT EXISTS `Tasks` (`id` INTEGER PRIMARY KEY AUTOINCREMENT, `title` VARCHAR(255) NOT NULL, `done` TINYINT(1) NOT NULL DEFAULT 0, `created_at` DATETIME NOT NULL, `updated_at` DATETIME NOT NULL, `user_id` INTEGER REFERENCES `Users` (`id`) ON DELETE SET NULL ON UPDATE CASCADE);","timestamp":"2017-11-09T18:45:28.486Z"}
{"level":"info","message":"[Fri Nov 10 2017 00:15:28 GMT+0530 (India Standard Time)] Executing (default): PRAGMA INDEX_LIST(`Tasks`)","timestamp":"2017-11-09T18:45:28.488Z"}
{"level":"info","message":"[Fri Nov 10 2017 00:15:28 GMT+0530 (India Standard Time)] Executing (default): CREATE TABLE IF NOT EXISTS `Users` (`id` INTEGER PRIMARY KEY AUTOINCREMENT, `name` VARCHAR(255) NOT NULL, `password` VARCHAR(255) NOT NULL, `email` VARCHAR(255) NOT NULL UNIQUE, `created_at` DATETIME NOT NULL, `updated_at` DATETIME NOT NULL, UNIQUE (`email`));","timestamp":"2017-11-09T18:45:28.542Z"}
{"level":"info","message":"[Fri Nov 10 2017 00:15:28 GMT+0530 (India Standard Time)] Executing (default): PRAGMA INDEX_LIST(`Users`)","timestamp":"2017-11-09T18:45:28.557Z"}
{"level":"info","message":"[Fri Nov 10 2017 00:15:28 GMT+0530 (India Standard Time)] Executing (default): PRAGMA INDEX_INFO(`sqlite_autoindex_Users_1`)","timestamp":"2017-11-09T18:45:28.563Z"}
{"level":"info","message":"[Fri Nov 10 2017 00:15:28 GMT+0530 (India Standard Time)] Executing (default): CREATE TABLE IF NOT EXISTS `Tasks` (`id` INTEGER PRIMARY KEY AUTOINCREMENT, `title` VARCHAR(255) NOT NULL, `done` TINYINT(1) NOT NULL DEFAULT 0, `created_at` DATETIME NOT NULL, `updated_at` DATETIME NOT NULL, `user_id` INTEGER REFERENCES `Users` (`id`) ON DELETE SET NULL ON UPDATE CASCADE);","timestamp":"2017-11-09T18:45:28.569Z"}
{"level":"info","message":"[Fri Nov 10 2017 00:15:28 GMT+0530 (India Standard Time)] Executing (default): PRAGMA INDEX_LIST(`Tasks`)","timestamp":"2017-11-09T18:45:28.572Z"}
{"level":"info","message":"[Fri Nov 10 2017 00:15:28 GMT+0530 (India Standard Time)] Executing (default): CREATE TABLE IF NOT EXISTS `Users` (`id` INTEGER PRIMARY KEY AUTOINCREMENT, `name` VARCHAR(255) NOT NULL, `password` VARCHAR(255) NOT NULL, `email` VARCHAR(255) NOT NULL UNIQUE, `created_at` DATETIME NOT NULL, `updated_at` DATETIME NOT NULL, UNIQUE (`email`));","timestamp":"2017-11-09T18:45:28.545Z"}
{"level":"info","message":"[Fri Nov 10 2017 00:15:28 GMT+0530 (India Standard Time)] Executing (default): PRAGMA INDEX_LIST(`Users`)","timestamp":"2017-11-09T18:45:28.593Z"}
{"level":"info","message":"[Fri Nov 10 2017 00:15:28 GMT+0530 (India Standard Time)] Executing (default): PRAGMA INDEX_INFO(`sqlite_autoindex_Users_1`)","timestamp":"2017-11-09T18:45:28.599Z"}
{"level":"info","message":"[Fri Nov 10 2017 00:15:28 GMT+0530 (India Standard Time)] Executing (default): CREATE TABLE IF NOT EXISTS `Users` (`id` INTEGER PRIMARY KEY AUTOINCREMENT, `name` VARCHAR(255) NOT NULL, `password` VARCHAR(255) NOT NULL, `email` VARCHAR(255) NOT NULL UNIQUE, `created_at` DATETIME NOT NULL, `updated_at` DATETIME NOT NULL, UNIQUE (`email`));","timestamp":"2017-11-09T18:45:28.586Z"}
{"level":"info","message":"[Fri Nov 10 2017 00:15:28 GMT+0530 (India Standard Time)] Executing (default): CREATE TABLE IF NOT EXISTS `Tasks` (`id` INTEGER PRIMARY KEY AUTOINCREMENT, `title` VARCHAR(255) NOT NULL, `done` TINYINT(1) NOT NULL DEFAULT 0, `created_at` DATETIME NOT NULL, `updated_at` DATETIME NOT NULL, `user_id` INTEGER REFERENCES `Users` (`id`) ON DELETE SET NULL ON UPDATE CASCADE);","timestamp":"2017-11-09T18:45:28.607Z"}
{"level":"info","message":"[Fri Nov 10 2017 00:15:28 GMT+0530 (India Standard Time)] Executing (default): PRAGMA INDEX_LIST(`Users`)","timestamp":"2017-11-09T18:45:28.607Z"}
{"level":"info","message":"[Fri Nov 10 2017 00:15:28 GMT+0530 (India Standard Time)] Executing (default): PRAGMA INDEX_LIST(`Tasks`)","timestamp":"2017-11-09T18:45:28.608Z"}
{"level":"info","message":"[Fri Nov 10 2017 00:15:28 GMT+0530 (India Standard Time)] Executing (default): PRAGMA INDEX_INFO(`sqlite_autoindex_Users_1`)","timestamp":"2017-11-09T18:45:28.611Z"}
{"level":"info","message":"[Fri Nov 10 2017 00:15:28 GMT+0530 (India Standard Time)] Executing (default): CREATE TABLE IF NOT EXISTS `Tasks` (`id` INTEGER PRIMARY KEY AUTOINCREMENT, `title` VARCHAR(255) NOT NULL, `done` TINYINT(1) NOT NULL DEFAULT 0, `created_at` DATETIME NOT NULL, `updated_at` DATETIME NOT NULL, `user_id` INTEGER REFERENCES `Users` (`id`) ON DELETE SET NULL ON UPDATE CASCADE);","timestamp":"2017-11-09T18:45:28.616Z"}
{"level":"info","message":"[Fri Nov 10 2017 00:15:28 GMT+0530 (India Standard Time)] Executing (default): PRAGMA INDEX_LIST(`Tasks`)","timestamp":"2017-11-09T18:45:28.618Z"}
{"level":"info","message":"[Fri Nov 10 2017 00:17:06 GMT+0530 (India Standard Time)] Executing (default): CREATE TABLE IF NOT EXISTS `Users` (`id` INTEGER PRIMARY KEY AUTOINCREMENT, `name` VARCHAR(255) NOT NULL, `password` VARCHAR(255) NOT NULL, `email` VARCHAR(255) NOT NULL UNIQUE, `created_at` DATETIME NOT NULL, `updated_at` DATETIME NOT NULL, UNIQUE (`email`));","timestamp":"2017-11-09T18:47:06.508Z"}
{"level":"info","message":"[Fri Nov 10 2017 00:17:06 GMT+0530 (India Standard Time)] Executing (default): PRAGMA INDEX_LIST(`Users`)","timestamp":"2017-11-09T18:47:06.522Z"}
{"level":"info","message":"[Fri Nov 10 2017 00:17:06 GMT+0530 (India Standard Time)] Executing (default): PRAGMA INDEX_INFO(`sqlite_autoindex_Users_1`)","timestamp":"2017-11-09T18:47:06.526Z"}
{"level":"info","message":"[Fri Nov 10 2017 00:17:06 GMT+0530 (India Standard Time)] Executing (default): CREATE TABLE IF NOT EXISTS `Tasks` (`id` INTEGER PRIMARY KEY AUTOINCREMENT, `title` VARCHAR(255) NOT NULL, `done` TINYINT(1) NOT NULL DEFAULT 0, `created_at` DATETIME NOT NULL, `updated_at` DATETIME NOT NULL, `user_id` INTEGER REFERENCES `Users` (`id`) ON DELETE SET NULL ON UPDATE CASCADE);","timestamp":"2017-11-09T18:47:06.531Z"}
{"level":"info","message":"[Fri Nov 10 2017 00:17:06 GMT+0530 (India Standard Time)] Executing (default): PRAGMA INDEX_LIST(`Tasks`)","timestamp":"2017-11-09T18:47:06.532Z"}
{"level":"info","message":"[Fri Nov 10 2017 00:17:06 GMT+0530 (India Standard Time)] Executing (default): CREATE TABLE IF NOT EXISTS `Users` (`id` INTEGER PRIMARY KEY AUTOINCREMENT, `name` VARCHAR(255) NOT NULL, `password` VARCHAR(255) NOT NULL, `email` VARCHAR(255) NOT NULL UNIQUE, `created_at` DATETIME NOT NULL, `updated_at` DATETIME NOT NULL, UNIQUE (`email`));","timestamp":"2017-11-09T18:47:06.647Z"}
{"level":"info","message":"[Fri Nov 10 2017 00:17:06 GMT+0530 (India Standard Time)] Executing (default): PRAGMA INDEX_LIST(`Users`)","timestamp":"2017-11-09T18:47:06.664Z"}
{"level":"info","message":"[Fri Nov 10 2017 00:17:06 GMT+0530 (India Standard Time)] Executing (default): PRAGMA INDEX_INFO(`sqlite_autoindex_Users_1`)","timestamp":"2017-11-09T18:47:06.683Z"}
{"level":"info","message":"[Fri Nov 10 2017 00:17:06 GMT+0530 (India Standard Time)] Executing (default): CREATE TABLE IF NOT EXISTS `Tasks` (`id` INTEGER PRIMARY KEY AUTOINCREMENT, `title` VARCHAR(255) NOT NULL, `done` TINYINT(1) NOT NULL DEFAULT 0, `created_at` DATETIME NOT NULL, `updated_at` DATETIME NOT NULL, `user_id` INTEGER REFERENCES `Users` (`id`) ON DELETE SET NULL ON UPDATE CASCADE);","timestamp":"2017-11-09T18:47:06.700Z"}
{"level":"info","message":"[Fri Nov 10 2017 00:17:06 GMT+0530 (India Standard Time)] Executing (default): PRAGMA INDEX_LIST(`Tasks`)","timestamp":"2017-11-09T18:47:06.702Z"}
{"level":"info","message":"[Fri Nov 10 2017 00:17:06 GMT+0530 (India Standard Time)] Executing (default): CREATE TABLE IF NOT EXISTS `Users` (`id` INTEGER PRIMARY KEY AUTOINCREMENT, `name` VARCHAR(255) NOT NULL, `password` VARCHAR(255) NOT NULL, `email` VARCHAR(255) NOT NULL UNIQUE, `created_at` DATETIME NOT NULL, `updated_at` DATETIME NOT NULL, UNIQUE (`email`));","timestamp":"2017-11-09T18:47:06.775Z"}
{"level":"info","message":"[Fri Nov 10 2017 00:17:06 GMT+0530 (India Standard Time)] Executing (default): PRAGMA INDEX_LIST(`Users`)","timestamp":"2017-11-09T18:47:06.792Z"}
{"level":"info","message":"[Fri Nov 10 2017 00:17:06 GMT+0530 (India Standard Time)] Executing (default): PRAGMA INDEX_INFO(`sqlite_autoindex_Users_1`)","timestamp":"2017-11-09T18:47:06.796Z"}
{"level":"info","message":"[Fri Nov 10 2017 00:17:06 GMT+0530 (India Standard Time)] Executing (default): CREATE TABLE IF NOT EXISTS `Tasks` (`id` INTEGER PRIMARY KEY AUTOINCREMENT, `title` VARCHAR(255) NOT NULL, `done` TINYINT(1) NOT NULL DEFAULT 0, `created_at` DATETIME NOT NULL, `updated_at` DATETIME NOT NULL, `user_id` INTEGER REFERENCES `Users` (`id`) ON DELETE SET NULL ON UPDATE CASCADE);","timestamp":"2017-11-09T18:47:06.802Z"}
{"level":"info","message":"[Fri Nov 10 2017 00:17:06 GMT+0530 (India Standard Time)] Executing (default): PRAGMA INDEX_LIST(`Tasks`)","timestamp":"2017-11-09T18:47:06.806Z"}
{"level":"info","message":"[Fri Nov 10 2017 00:17:06 GMT+0530 (India Standard Time)] Executing (default): CREATE TABLE IF NOT EXISTS `Users` (`id` INTEGER PRIMARY KEY AUTOINCREMENT, `name` VARCHAR(255) NOT NULL, `password` VARCHAR(255) NOT NULL, `email` VARCHAR(255) NOT NULL UNIQUE, `created_at` DATETIME NOT NULL, `updated_at` DATETIME NOT NULL, UNIQUE (`email`));","timestamp":"2017-11-09T18:47:06.802Z"}
{"level":"info","message":"[Fri Nov 10 2017 00:17:06 GMT+0530 (India Standard Time)] Executing (default): PRAGMA INDEX_LIST(`Users`)","timestamp":"2017-11-09T18:47:06.826Z"}
{"level":"info","message":"[Fri Nov 10 2017 00:17:06 GMT+0530 (India Standard Time)] Executing (default): PRAGMA INDEX_INFO(`sqlite_autoindex_Users_1`)","timestamp":"2017-11-09T18:47:06.834Z"}
{"level":"info","message":"[Fri Nov 10 2017 00:17:06 GMT+0530 (India Standard Time)] Executing (default): CREATE TABLE IF NOT EXISTS `Tasks` (`id` INTEGER PRIMARY KEY AUTOINCREMENT, `title` VARCHAR(255) NOT NULL, `done` TINYINT(1) NOT NULL DEFAULT 0, `created_at` DATETIME NOT NULL, `updated_at` DATETIME NOT NULL, `user_id` INTEGER REFERENCES `Users` (`id`) ON DELETE SET NULL ON UPDATE CASCADE);","timestamp":"2017-11-09T18:47:06.842Z"}
{"level":"info","message":"[Fri Nov 10 2017 00:17:06 GMT+0530 (India Standard Time)] Executing (default): PRAGMA INDEX_LIST(`Tasks`)","timestamp":"2017-11-09T18:47:06.875Z"}
{"level":"info","message":"[Fri Nov 10 2017 00:29:30 GMT+0530 (India Standard Time)] Executing (default): CREATE TABLE IF NOT EXISTS `Users` (`id` INTEGER PRIMARY KEY AUTOINCREMENT, `name` VARCHAR(255) NOT NULL, `password` VARCHAR(255) NOT NULL, `email` VARCHAR(255) NOT NULL UNIQUE, `created_at` DATETIME NOT NULL, `updated_at` DATETIME NOT NULL, UNIQUE (`email`));","timestamp":"2017-11-09T18:59:30.070Z"}
{"level":"info","message":"[Fri Nov 10 2017 00:29:30 GMT+0530 (India Standard Time)] Executing (default): CREATE TABLE IF NOT EXISTS `Users` (`id` INTEGER PRIMARY KEY AUTOINCREMENT, `name` VARCHAR(255) NOT NULL, `password` VARCHAR(255) NOT NULL, `email` VARCHAR(255) NOT NULL UNIQUE, `created_at` DATETIME NOT NULL, `updated_at` DATETIME NOT NULL, UNIQUE (`email`));","timestamp":"2017-11-09T18:59:30.070Z"}
{"level":"info","message":"[Fri Nov 10 2017 00:29:30 GMT+0530 (India Standard Time)] Executing (default): CREATE TABLE IF NOT EXISTS `Users` (`id` INTEGER PRIMARY KEY AUTOINCREMENT, `name` VARCHAR(255) NOT NULL, `password` VARCHAR(255) NOT NULL, `email` VARCHAR(255) NOT NULL UNIQUE, `created_at` DATETIME NOT NULL, `updated_at` DATETIME NOT NULL, UNIQUE (`email`));","timestamp":"2017-11-09T18:59:30.070Z"}
{"level":"info","message":"[Fri Nov 10 2017 00:29:30 GMT+0530 (India Standard Time)] Executing (default): CREATE TABLE IF NOT EXISTS `Users` (`id` INTEGER PRIMARY KEY AUTOINCREMENT, `name` VARCHAR(255) NOT NULL, `password` VARCHAR(255) NOT NULL, `email` VARCHAR(255) NOT NULL UNIQUE, `created_at` DATETIME NOT NULL, `updated_at` DATETIME NOT NULL, UNIQUE (`email`));","timestamp":"2017-11-09T18:59:30.071Z"}
{"level":"info","message":"[Fri Nov 10 2017 00:29:30 GMT+0530 (India Standard Time)] Executing (default): PRAGMA INDEX_LIST(`Users`)","timestamp":"2017-11-09T18:59:30.090Z"}
{"level":"info","message":"[Fri Nov 10 2017 00:29:30 GMT+0530 (India Standard Time)] Executing (default): PRAGMA INDEX_LIST(`Users`)","timestamp":"2017-11-09T18:59:30.090Z"}
{"level":"info","message":"[Fri Nov 10 2017 00:29:30 GMT+0530 (India Standard Time)] Executing (default): PRAGMA INDEX_LIST(`Users`)","timestamp":"2017-11-09T18:59:30.090Z"}
{"level":"info","message":"[Fri Nov 10 2017 00:29:30 GMT+0530 (India Standard Time)] Executing (default): PRAGMA INDEX_LIST(`Users`)","timestamp":"2017-11-09T18:59:30.091Z"}
{"level":"info","message":"[Fri Nov 10 2017 00:29:30 GMT+0530 (India Standard Time)] Executing (default): PRAGMA INDEX_INFO(`sqlite_autoindex_Users_1`)","timestamp":"2017-11-09T18:59:30.093Z"}
{"level":"info","message":"[Fri Nov 10 2017 00:29:30 GMT+0530 (India Standard Time)] Executing (default): PRAGMA INDEX_INFO(`sqlite_autoindex_Users_1`)","timestamp":"2017-11-09T18:59:30.093Z"}
{"level":"info","message":"[Fri Nov 10 2017 00:29:30 GMT+0530 (India Standard Time)] Executing (default): PRAGMA INDEX_INFO(`sqlite_autoindex_Users_1`)","timestamp":"2017-11-09T18:59:30.093Z"}
{"level":"info","message":"[Fri Nov 10 2017 00:29:30 GMT+0530 (India Standard Time)] Executing (default): PRAGMA INDEX_INFO(`sqlite_autoindex_Users_1`)","timestamp":"2017-11-09T18:59:30.094Z"}
{"level":"info","message":"[Fri Nov 10 2017 00:29:30 GMT+0530 (India Standard Time)] Executing (default): CREATE TABLE IF NOT EXISTS `Tasks` (`id` INTEGER PRIMARY KEY AUTOINCREMENT, `title` VARCHAR(255) NOT NULL, `done` TINYINT(1) NOT NULL DEFAULT 0, `created_at` DATETIME NOT NULL, `updated_at` DATETIME NOT NULL, `user_id` INTEGER REFERENCES `Users` (`id`) ON DELETE SET NULL ON UPDATE CASCADE);","timestamp":"2017-11-09T18:59:30.098Z"}
{"level":"info","message":"[Fri Nov 10 2017 00:29:30 GMT+0530 (India Standard Time)] Executing (default): CREATE TABLE IF NOT EXISTS `Tasks` (`id` INTEGER PRIMARY KEY AUTOINCREMENT, `title` VARCHAR(255) NOT NULL, `done` TINYINT(1) NOT NULL DEFAULT 0, `created_at` DATETIME NOT NULL, `updated_at` DATETIME NOT NULL, `user_id` INTEGER REFERENCES `Users` (`id`) ON DELETE SET NULL ON UPDATE CASCADE);","timestamp":"2017-11-09T18:59:30.098Z"}
{"level":"info","message":"[Fri Nov 10 2017 00:29:30 GMT+0530 (India Standard Time)] Executing (default): CREATE TABLE IF NOT EXISTS `Tasks` (`id` INTEGER PRIMARY KEY AUTOINCREMENT, `title` VARCHAR(255) NOT NULL, `done` TINYINT(1) NOT NULL DEFAULT 0, `created_at` DATETIME NOT NULL, `updated_at` DATETIME NOT NULL, `user_id` INTEGER REFERENCES `Users` (`id`) ON DELETE SET NULL ON UPDATE CASCADE);","timestamp":"2017-11-09T18:59:30.098Z"}
{"level":"info","message":"[Fri Nov 10 2017 00:29:30 GMT+0530 (India Standard Time)] Executing (default): CREATE TABLE IF NOT EXISTS `Tasks` (`id` INTEGER PRIMARY KEY AUTOINCREMENT, `title` VARCHAR(255) NOT NULL, `done` TINYINT(1) NOT NULL DEFAULT 0, `created_at` DATETIME NOT NULL, `updated_at` DATETIME NOT NULL, `user_id` INTEGER REFERENCES `Users` (`id`) ON DELETE SET NULL ON UPDATE CASCADE);","timestamp":"2017-11-09T18:59:30.099Z"}
{"level":"info","message":"[Fri Nov 10 2017 00:29:30 GMT+0530 (India Standard Time)] Executing (default): PRAGMA INDEX_LIST(`Tasks`)","timestamp":"2017-11-09T18:59:30.099Z"}
{"level":"info","message":"[Fri Nov 10 2017 00:29:30 GMT+0530 (India Standard Time)] Executing (default): PRAGMA INDEX_LIST(`Tasks`)","timestamp":"2017-11-09T18:59:30.099Z"}
{"level":"info","message":"[Fri Nov 10 2017 00:29:30 GMT+0530 (India Standard Time)] Executing (default): PRAGMA INDEX_LIST(`Tasks`)","timestamp":"2017-11-09T18:59:30.100Z"}
{"level":"info","message":"[Fri Nov 10 2017 00:29:30 GMT+0530 (India Standard Time)] Executing (default): PRAGMA INDEX_LIST(`Tasks`)","timestamp":"2017-11-09T18:59:30.101Z"}
{"level":"info","message":"[Fri Nov 10 2017 00:51:50 GMT+0530 (India Standard Time)] Executing (default): CREATE TABLE IF NOT EXISTS `Users` (`id` INTEGER PRIMARY KEY AUTOINCREMENT, `name` VARCHAR(255) NOT NULL, `password` VARCHAR(255) NOT NULL, `email` VARCHAR(255) NOT NULL UNIQUE, `created_at` DATETIME NOT NULL, `updated_at` DATETIME NOT NULL, UNIQUE (`email`));","timestamp":"2017-11-09T19:21:50.794Z"}
{"level":"info","message":"[Fri Nov 10 2017 00:51:50 GMT+0530 (India Standard Time)] Executing (default): CREATE TABLE IF NOT EXISTS `Users` (`id` INTEGER PRIMARY KEY AUTOINCREMENT, `name` VARCHAR(255) NOT NULL, `password` VARCHAR(255) NOT NULL, `email` VARCHAR(255) NOT NULL UNIQUE, `created_at` DATETIME NOT NULL, `updated_at` DATETIME NOT NULL, UNIQUE (`email`));","timestamp":"2017-11-09T19:21:50.794Z"}
{"level":"info","message":"[Fri Nov 10 2017 00:51:50 GMT+0530 (India Standard Time)] Executing (default): PRAGMA INDEX_LIST(`Users`)","timestamp":"2017-11-09T19:21:50.807Z"}
{"level":"info","message":"[Fri Nov 10 2017 00:51:50 GMT+0530 (India Standard Time)] Executing (default): PRAGMA INDEX_INFO(`sqlite_autoindex_Users_1`)","timestamp":"2017-11-09T19:21:50.810Z"}
{"level":"info","message":"[Fri Nov 10 2017 00:51:50 GMT+0530 (India Standard Time)] Executing (default): PRAGMA INDEX_LIST(`Users`)","timestamp":"2017-11-09T19:21:50.811Z"}
{"level":"info","message":"[Fri Nov 10 2017 00:51:50 GMT+0530 (India Standard Time)] Executing (default): PRAGMA INDEX_INFO(`sqlite_autoindex_Users_1`)","timestamp":"2017-11-09T19:21:50.814Z"}
{"level":"info","message":"[Fri Nov 10 2017 00:51:50 GMT+0530 (India Standard Time)] Executing (default): CREATE TABLE IF NOT EXISTS `Users` (`id` INTEGER PRIMARY KEY AUTOINCREMENT, `name` VARCHAR(255) NOT NULL, `password` VARCHAR(255) NOT NULL, `email` VARCHAR(255) NOT NULL UNIQUE, `created_at` DATETIME NOT NULL, `updated_at` DATETIME NOT NULL, UNIQUE (`email`));","timestamp":"2017-11-09T19:21:50.805Z"}
{"level":"info","message":"[Fri Nov 10 2017 00:51:50 GMT+0530 (India Standard Time)] Executing (default): CREATE TABLE IF NOT EXISTS `Tasks` (`id` INTEGER PRIMARY KEY AUTOINCREMENT, `title` VARCHAR(255) NOT NULL, `done` TINYINT(1) NOT NULL DEFAULT 0, `created_at` DATETIME NOT NULL, `updated_at` DATETIME NOT NULL, `user_id` INTEGER REFERENCES `Users` (`id`) ON DELETE SET NULL ON UPDATE CASCADE);","timestamp":"2017-11-09T19:21:50.818Z"}
{"level":"info","message":"[Fri Nov 10 2017 00:51:50 GMT+0530 (India Standard Time)] Executing (default): PRAGMA INDEX_LIST(`Users`)","timestamp":"2017-11-09T19:21:50.818Z"}
{"level":"info","message":"[Fri Nov 10 2017 00:51:50 GMT+0530 (India Standard Time)] Executing (default): PRAGMA INDEX_LIST(`Tasks`)","timestamp":"2017-11-09T19:21:50.820Z"}
{"level":"info","message":"[Fri Nov 10 2017 00:51:50 GMT+0530 (India Standard Time)] Executing (default): PRAGMA INDEX_INFO(`sqlite_autoindex_Users_1`)","timestamp":"2017-11-09T19:21:50.821Z"}
{"level":"info","message":"[Fri Nov 10 2017 00:51:50 GMT+0530 (India Standard Time)] Executing (default): CREATE TABLE IF NOT EXISTS `Tasks` (`id` INTEGER PRIMARY KEY AUTOINCREMENT, `title` VARCHAR(255) NOT NULL, `done` TINYINT(1) NOT NULL DEFAULT 0, `created_at` DATETIME NOT NULL, `updated_at` DATETIME NOT NULL, `user_id` INTEGER REFERENCES `Users` (`id`) ON DELETE SET NULL ON UPDATE CASCADE);","timestamp":"2017-11-09T19:21:50.824Z"}
{"level":"info","message":"[Fri Nov 10 2017 00:51:50 GMT+0530 (India Standard Time)] Executing (default): CREATE TABLE IF NOT EXISTS `Users` (`id` INTEGER PRIMARY KEY AUTOINCREMENT, `name` VARCHAR(255) NOT NULL, `password` VARCHAR(255) NOT NULL, `email` VARCHAR(255) NOT NULL UNIQUE, `created_at` DATETIME NOT NULL, `updated_at` DATETIME NOT NULL, UNIQUE (`email`));","timestamp":"2017-11-09T19:21:50.815Z"}
{"level":"info","message":"[Fri Nov 10 2017 00:51:50 GMT+0530 (India Standard Time)] Executing (default): PRAGMA INDEX_LIST(`Tasks`)","timestamp":"2017-11-09T19:21:50.825Z"}
{"level":"info","message":"[Fri Nov 10 2017 00:51:50 GMT+0530 (India Standard Time)] Executing (default): CREATE TABLE IF NOT EXISTS `Tasks` (`id` INTEGER PRIMARY KEY AUTOINCREMENT, `title` VARCHAR(255) NOT NULL, `done` TINYINT(1) NOT NULL DEFAULT 0, `created_at` DATETIME NOT NULL, `updated_at` DATETIME NOT NULL, `user_id` INTEGER REFERENCES `Users` (`id`) ON DELETE SET NULL ON UPDATE CASCADE);","timestamp":"2017-11-09T19:21:50.826Z"}
{"level":"info","message":"[Fri Nov 10 2017 00:51:50 GMT+0530 (India Standard Time)] Executing (default): PRAGMA INDEX_LIST(`Tasks`)","timestamp":"2017-11-09T19:21:50.828Z"}
{"level":"info","message":"[Fri Nov 10 2017 00:51:50 GMT+0530 (India Standard Time)] Executing (default): PRAGMA INDEX_LIST(`Users`)","timestamp":"2017-11-09T19:21:50.829Z"}
{"level":"info","message":"[Fri Nov 10 2017 00:51:50 GMT+0530 (India Standard Time)] Executing (default): PRAGMA INDEX_INFO(`sqlite_autoindex_Users_1`)","timestamp":"2017-11-09T19:21:50.849Z"}
{"level":"info","message":"[Fri Nov 10 2017 00:51:50 GMT+0530 (India Standard Time)] Executing (default): CREATE TABLE IF NOT EXISTS `Tasks` (`id` INTEGER PRIMARY KEY AUTOINCREMENT, `title` VARCHAR(255) NOT NULL, `done` TINYINT(1) NOT NULL DEFAULT 0, `created_at` DATETIME NOT NULL, `updated_at` DATETIME NOT NULL, `user_id` INTEGER REFERENCES `Users` (`id`) ON DELETE SET NULL ON UPDATE CASCADE);","timestamp":"2017-11-09T19:21:50.855Z"}
{"level":"info","message":"[Fri Nov 10 2017 00:51:50 GMT+0530 (India Standard Time)] Executing (default): PRAGMA INDEX_LIST(`Tasks`)","timestamp":"2017-11-09T19:21:50.859Z"}
{"level":"info","message":"::ffff:127.0.0.1 - - [09/Nov/2017:19:29:12 +0000] \"GET / HTTP/1.1\" 200 40\n","timestamp":"2017-11-09T19:29:12.370Z"}
{"level":"info","message":"::ffff:127.0.0.1 - - [09/Nov/2017:19:29:12 +0000] \"GET /favicon.ico HTTP/1.1\" 404 150\n","timestamp":"2017-11-09T19:29:12.451Z"}
{"level":"info","message":"::ffff:127.0.0.1 - - [09/Nov/2017:19:29:32 +0000] \"GET / HTTP/1.1\" 304 -\n","timestamp":"2017-11-09T19:29:32.090Z"}
{"level":"info","message":"[Fri Nov 10 2017 01:29:45 GMT+0530 (India Standard Time)] Executing (default): CREATE TABLE IF NOT EXISTS `Users` (`id` INTEGER PRIMARY KEY AUTOINCREMENT, `name` VARCHAR(255) NOT NULL, `password` VARCHAR(255) NOT NULL, `email` VARCHAR(255) NOT NULL UNIQUE, `created_at` DATETIME NOT NULL, `updated_at` DATETIME NOT NULL, UNIQUE (`email`));","timestamp":"2017-11-09T19:59:45.596Z"}
{"level":"info","message":"[Fri Nov 10 2017 01:29:45 GMT+0530 (India Standard Time)] Executing (default): PRAGMA INDEX_LIST(`Users`)","timestamp":"2017-11-09T19:59:45.609Z"}
{"level":"info","message":"[Fri Nov 10 2017 01:29:45 GMT+0530 (India Standard Time)] Executing (default): PRAGMA INDEX_INFO(`sqlite_autoindex_Users_1`)","timestamp":"2017-11-09T19:59:45.612Z"}
{"level":"info","message":"[Fri Nov 10 2017 01:29:45 GMT+0530 (India Standard Time)] Executing (default): CREATE TABLE IF NOT EXISTS `Tasks` (`id` INTEGER PRIMARY KEY AUTOINCREMENT, `title` VARCHAR(255) NOT NULL, `done` TINYINT(1) NOT NULL DEFAULT 0, `created_at` DATETIME NOT NULL, `updated_at` DATETIME NOT NULL, `user_id` INTEGER REFERENCES `Users` (`id`) ON DELETE SET NULL ON UPDATE CASCADE);","timestamp":"2017-11-09T19:59:45.617Z"}
{"level":"info","message":"[Fri Nov 10 2017 01:29:45 GMT+0530 (India Standard Time)] Executing (default): PRAGMA INDEX_LIST(`Tasks`)","timestamp":"2017-11-09T19:59:45.619Z"}
{"level":"info","message":"[Fri Nov 10 2017 01:29:45 GMT+0530 (India Standard Time)] Executing (default): CREATE TABLE IF NOT EXISTS `Users` (`id` INTEGER PRIMARY KEY AUTOINCREMENT, `name` VARCHAR(255) NOT NULL, `password` VARCHAR(255) NOT NULL, `email` VARCHAR(255) NOT NULL UNIQUE, `created_at` DATETIME NOT NULL, `updated_at` DATETIME NOT NULL, UNIQUE (`email`));","timestamp":"2017-11-09T19:59:45.642Z"}
{"level":"info","message":"[Fri Nov 10 2017 01:29:45 GMT+0530 (India Standard Time)] Executing (default): PRAGMA INDEX_LIST(`Users`)","timestamp":"2017-11-09T19:59:45.658Z"}
{"level":"info","message":"[Fri Nov 10 2017 01:29:45 GMT+0530 (India Standard Time)] Executing (default): PRAGMA INDEX_INFO(`sqlite_autoindex_Users_1`)","timestamp":"2017-11-09T19:59:45.661Z"}
{"level":"info","message":"[Fri Nov 10 2017 01:29:45 GMT+0530 (India Standard Time)] Executing (default): CREATE TABLE IF NOT EXISTS `Tasks` (`id` INTEGER PRIMARY KEY AUTOINCREMENT, `title` VARCHAR(255) NOT NULL, `done` TINYINT(1) NOT NULL DEFAULT 0, `created_at` DATETIME NOT NULL, `updated_at` DATETIME NOT NULL, `user_id` INTEGER REFERENCES `Users` (`id`) ON DELETE SET NULL ON UPDATE CASCADE);","timestamp":"2017-11-09T19:59:45.667Z"}
{"level":"info","message":"[Fri Nov 10 2017 01:29:45 GMT+0530 (India Standard Time)] Executing (default): PRAGMA INDEX_LIST(`Tasks`)","timestamp":"2017-11-09T19:59:45.669Z"}
{"level":"info","message":"[Fri Nov 10 2017 01:29:45 GMT+0530 (India Standard Time)] Executing (default): CREATE TABLE IF NOT EXISTS `Users` (`id` INTEGER PRIMARY KEY AUTOINCREMENT, `name` VARCHAR(255) NOT NULL, `password` VARCHAR(255) NOT NULL, `email` VARCHAR(255) NOT NULL UNIQUE, `created_at` DATETIME NOT NULL, `updated_at` DATETIME NOT NULL, UNIQUE (`email`));","timestamp":"2017-11-09T19:59:45.734Z"}
{"level":"info","message":"[Fri Nov 10 2017 01:29:45 GMT+0530 (India Standard Time)] Executing (default): PRAGMA INDEX_LIST(`Users`)","timestamp":"2017-11-09T19:59:45.748Z"}
{"level":"info","message":"[Fri Nov 10 2017 01:29:45 GMT+0530 (India Standard Time)] Executing (default): PRAGMA INDEX_INFO(`sqlite_autoindex_Users_1`)","timestamp":"2017-11-09T19:59:45.751Z"}
{"level":"info","message":"[Fri Nov 10 2017 01:29:45 GMT+0530 (India Standard Time)] Executing (default): CREATE TABLE IF NOT EXISTS `Tasks` (`id` INTEGER PRIMARY KEY AUTOINCREMENT, `title` VARCHAR(255) NOT NULL, `done` TINYINT(1) NOT NULL DEFAULT 0, `created_at` DATETIME NOT NULL, `updated_at` DATETIME NOT NULL, `user_id` INTEGER REFERENCES `Users` (`id`) ON DELETE SET NULL ON UPDATE CASCADE);","timestamp":"2017-11-09T19:59:45.756Z"}
{"level":"info","message":"[Fri Nov 10 2017 01:29:45 GMT+0530 (India Standard Time)] Executing (default): PRAGMA INDEX_LIST(`Tasks`)","timestamp":"2017-11-09T19:59:45.757Z"}
{"level":"info","message":"[Fri Nov 10 2017 01:29:45 GMT+0530 (India Standard Time)] Executing (default): CREATE TABLE IF NOT EXISTS `Users` (`id` INTEGER PRIMARY KEY AUTOINCREMENT, `name` VARCHAR(255) NOT NULL, `password` VARCHAR(255) NOT NULL, `email` VARCHAR(255) NOT NULL UNIQUE, `created_at` DATETIME NOT NULL, `updated_at` DATETIME NOT NULL, UNIQUE (`email`));","timestamp":"2017-11-09T19:59:45.835Z"}
{"level":"info","message":"[Fri Nov 10 2017 01:29:45 GMT+0530 (India Standard Time)] Executing (default): PRAGMA INDEX_LIST(`Users`)","timestamp":"2017-11-09T19:59:45.843Z"}
{"level":"info","message":"[Fri Nov 10 2017 01:29:45 GMT+0530 (India Standard Time)] Executing (default): PRAGMA INDEX_INFO(`sqlite_autoindex_Users_1`)","timestamp":"2017-11-09T19:59:45.845Z"}
{"level":"info","message":"[Fri Nov 10 2017 01:29:45 GMT+0530 (India Standard Time)] Executing (default): CREATE TABLE IF NOT EXISTS `Tasks` (`id` INTEGER PRIMARY KEY AUTOINCREMENT, `title` VARCHAR(255) NOT NULL, `done` TINYINT(1) NOT NULL DEFAULT 0, `created_at` DATETIME NOT NULL, `updated_at` DATETIME NOT NULL, `user_id` INTEGER REFERENCES `Users` (`id`) ON DELETE SET NULL ON UPDATE CASCADE);","timestamp":"2017-11-09T19:59:45.848Z"}
{"level":"info","message":"[Fri Nov 10 2017 01:29:45 GMT+0530 (India Standard Time)] Executing (default): PRAGMA INDEX_LIST(`Tasks`)","timestamp":"2017-11-09T19:59:45.849Z"}
{"level":"info","message":"::1 - - [09/Nov/2017:20:00:15 +0000] \"GET / HTTP/1.1\" 200 40\n","timestamp":"2017-11-09T20:00:15.897Z"}
{"level":"info","message":"::1 - - [09/Nov/2017:20:00:15 +0000] \"GET /favicon.ico HTTP/1.1\" 404 150\n","timestamp":"2017-11-09T20:00:15.982Z"}
{"level":"info","message":"::1 - - [09/Nov/2017:20:00:16 +0000] \"GET /favicon.ico HTTP/1.1\" 404 150\n","timestamp":"2017-11-09T20:00:16.004Z"}
{"level":"info","message":"::ffff:127.0.0.1 - - [09/Nov/2017:20:02:47 +0000] \"OPTIONS /users HTTP/1.1\" 204 -\n","timestamp":"2017-11-09T20:02:47.501Z"}
{"level":"info","message":"[Fri Nov 10 2017 01:32:47 GMT+0530 (India Standard Time)] Executing (default): INSERT INTO `Users` (`id`,`name`,`password`,`email`,`created_at`,`updated_at`) VALUES (NULL,'Aditya','$2a$10$6covJ8LAFT6mHOfUDQ/Lpu3CNRcmSF4aCo1ssOnPwn3vVKWWBhjUm','tyagi.aditya844747@gmail.com','2017-11-09 20:02:47.573 +00:00','2017-11-09 20:02:47.573 +00:00');","timestamp":"2017-11-09T20:02:47.683Z"}
{"level":"info","message":"::ffff:127.0.0.1 - - [09/Nov/2017:20:02:48 +0000] \"POST /users HTTP/1.1\" 200 256\n","timestamp":"2017-11-09T20:02:48.008Z"}
{"level":"info","message":"::ffff:127.0.0.1 - - [09/Nov/2017:20:03:09 +0000] \"OPTIONS /token HTTP/1.1\" 204 -\n","timestamp":"2017-11-09T20:03:09.259Z"}
{"level":"info","message":"[Fri Nov 10 2017 01:33:09 GMT+0530 (India Standard Time)] Executing (default): SELECT `id`, `name`, `password`, `email`, `created_at`, `updated_at` FROM `Users` AS `Users` WHERE `Users`.`email` = 'tyagi.aditya844747@gmail.com' LIMIT 1;","timestamp":"2017-11-09T20:03:09.272Z"}
{"level":"info","message":"::ffff:127.0.0.1 - - [09/Nov/2017:20:03:09 +0000] \"POST /token HTTP/1.1\" 200 114\n","timestamp":"2017-11-09T20:03:09.379Z"}
{"level":"info","message":"[Fri Nov 10 2017 01:55:40 GMT+0530 (India Standard Time)] Executing (default): CREATE TABLE IF NOT EXISTS `Users` (`id` INTEGER PRIMARY KEY AUTOINCREMENT, `name` VARCHAR(255) NOT NULL, `password` VARCHAR(255) NOT NULL, `email` VARCHAR(255) NOT NULL UNIQUE, `created_at` DATETIME NOT NULL, `updated_at` DATETIME NOT NULL, UNIQUE (`email`));","timestamp":"2017-11-09T20:25:40.482Z"}
{"level":"info","message":"[Fri Nov 10 2017 01:55:40 GMT+0530 (India Standard Time)] Executing (default): PRAGMA INDEX_LIST(`Users`)","timestamp":"2017-11-09T20:25:40.495Z"}
{"level":"info","message":"[Fri Nov 10 2017 01:55:40 GMT+0530 (India Standard Time)] Executing (default): PRAGMA INDEX_INFO(`sqlite_autoindex_Users_1`)","timestamp":"2017-11-09T20:25:40.498Z"}
{"level":"info","message":"[Fri Nov 10 2017 01:55:40 GMT+0530 (India Standard Time)] Executing (default): CREATE TABLE IF NOT EXISTS `Tasks` (`id` INTEGER PRIMARY KEY AUTOINCREMENT, `title` VARCHAR(255) NOT NULL, `done` TINYINT(1) NOT NULL DEFAULT 0, `created_at` DATETIME NOT NULL, `updated_at` DATETIME NOT NULL, `user_id` INTEGER REFERENCES `Users` (`id`) ON DELETE SET NULL ON UPDATE CASCADE);","timestamp":"2017-11-09T20:25:40.503Z"}
{"level":"info","message":"[Fri Nov 10 2017 01:55:40 GMT+0530 (India Standard Time)] Executing (default): PRAGMA INDEX_LIST(`Tasks`)","timestamp":"2017-11-09T20:25:40.505Z"}
{"level":"info","message":"[Fri Nov 10 2017 01:55:40 GMT+0530 (India Standard Time)] Executing (default): CREATE TABLE IF NOT EXISTS `Users` (`id` INTEGER PRIMARY KEY AUTOINCREMENT, `name` VARCHAR(255) NOT NULL, `password` VARCHAR(255) NOT NULL, `email` VARCHAR(255) NOT NULL UNIQUE, `created_at` DATETIME NOT NULL, `updated_at` DATETIME NOT NULL, UNIQUE (`email`));","timestamp":"2017-11-09T20:25:40.564Z"}
{"level":"info","message":"[Fri Nov 10 2017 01:55:40 GMT+0530 (India Standard Time)] Executing (default): PRAGMA INDEX_LIST(`Users`)","timestamp":"2017-11-09T20:25:40.580Z"}
{"level":"info","message":"[Fri Nov 10 2017 01:55:40 GMT+0530 (India Standard Time)] Executing (default): PRAGMA INDEX_INFO(`sqlite_autoindex_Users_1`)","timestamp":"2017-11-09T20:25:40.583Z"}
{"level":"info","message":"[Fri Nov 10 2017 01:55:40 GMT+0530 (India Standard Time)] Executing (default): CREATE TABLE IF NOT EXISTS `Tasks` (`id` INTEGER PRIMARY KEY AUTOINCREMENT, `title` VARCHAR(255) NOT NULL, `done` TINYINT(1) NOT NULL DEFAULT 0, `created_at` DATETIME NOT NULL, `updated_at` DATETIME NOT NULL, `user_id` INTEGER REFERENCES `Users` (`id`) ON DELETE SET NULL ON UPDATE CASCADE);","timestamp":"2017-11-09T20:25:40.589Z"}
{"level":"info","message":"[Fri Nov 10 2017 01:55:40 GMT+0530 (India Standard Time)] Executing (default): PRAGMA INDEX_LIST(`Tasks`)","timestamp":"2017-11-09T20:25:40.592Z"}
{"level":"info","message":"[Fri Nov 10 2017 01:55:40 GMT+0530 (India Standard Time)] Executing (default): CREATE TABLE IF NOT EXISTS `Users` (`id` INTEGER PRIMARY KEY AUTOINCREMENT, `name` VARCHAR(255) NOT NULL, `password` VARCHAR(255) NOT NULL, `email` VARCHAR(255) NOT NULL UNIQUE, `created_at` DATETIME NOT NULL, `updated_at` DATETIME NOT NULL, UNIQUE (`email`));","timestamp":"2017-11-09T20:25:40.611Z"}
{"level":"info","message":"[Fri Nov 10 2017 01:55:40 GMT+0530 (India Standard Time)] Executing (default): PRAGMA INDEX_LIST(`Users`)","timestamp":"2017-11-09T20:25:40.634Z"}
{"level":"info","message":"[Fri Nov 10 2017 01:55:40 GMT+0530 (India Standard Time)] Executing (default): PRAGMA INDEX_INFO(`sqlite_autoindex_Users_1`)","timestamp":"2017-11-09T20:25:40.638Z"}
{"level":"info","message":"[Fri Nov 10 2017 01:55:40 GMT+0530 (India Standard Time)] Executing (default): CREATE TABLE IF NOT EXISTS `Tasks` (`id` INTEGER PRIMARY KEY AUTOINCREMENT, `title` VARCHAR(255) NOT NULL, `done` TINYINT(1) NOT NULL DEFAULT 0, `created_at` DATETIME NOT NULL, `updated_at` DATETIME NOT NULL, `user_id` INTEGER REFERENCES `Users` (`id`) ON DELETE SET NULL ON UPDATE CASCADE);","timestamp":"2017-11-09T20:25:40.644Z"}
{"level":"info","message":"[Fri Nov 10 2017 01:55:40 GMT+0530 (India Standard Time)] Executing (default): PRAGMA INDEX_LIST(`Tasks`)","timestamp":"2017-11-09T20:25:40.646Z"}
{"level":"info","message":"[Fri Nov 10 2017 01:55:40 GMT+0530 (India Standard Time)] Executing (default): CREATE TABLE IF NOT EXISTS `Users` (`id` INTEGER PRIMARY KEY AUTOINCREMENT, `name` VARCHAR(255) NOT NULL, `password` VARCHAR(255) NOT NULL, `email` VARCHAR(255) NOT NULL UNIQUE, `created_at` DATETIME NOT NULL, `updated_at` DATETIME NOT NULL, UNIQUE (`email`));","timestamp":"2017-11-09T20:25:40.880Z"}
{"level":"info","message":"[Fri Nov 10 2017 01:55:40 GMT+0530 (India Standard Time)] Executing (default): PRAGMA INDEX_LIST(`Users`)","timestamp":"2017-11-09T20:25:40.888Z"}
{"level":"info","message":"[Fri Nov 10 2017 01:55:40 GMT+0530 (India Standard Time)] Executing (default): PRAGMA INDEX_INFO(`sqlite_autoindex_Users_1`)","timestamp":"2017-11-09T20:25:40.890Z"}
{"level":"info","message":"[Fri Nov 10 2017 01:55:40 GMT+0530 (India Standard Time)] Executing (default): CREATE TABLE IF NOT EXISTS `Tasks` (`id` INTEGER PRIMARY KEY AUTOINCREMENT, `title` VARCHAR(255) NOT NULL, `done` TINYINT(1) NOT NULL DEFAULT 0, `created_at` DATETIME NOT NULL, `updated_at` DATETIME NOT NULL, `user_id` INTEGER REFERENCES `Users` (`id`) ON DELETE SET NULL ON UPDATE CASCADE);","timestamp":"2017-11-09T20:25:40.893Z"}
{"level":"info","message":"[Fri Nov 10 2017 01:55:40 GMT+0530 (India Standard Time)] Executing (default): PRAGMA INDEX_LIST(`Tasks`)","timestamp":"2017-11-09T20:25:40.894Z"}
{"level":"info","message":"::ffff:127.0.0.1 - - [09/Nov/2017:20:26:21 +0000] \"OPTIONS /token HTTP/1.1\" 204 -\n","timestamp":"2017-11-09T20:26:21.531Z"}
{"level":"info","message":"[Fri Nov 10 2017 01:56:21 GMT+0530 (India Standard Time)] Executing (default): SELECT `id`, `name`, `password`, `email`, `created_at`, `updated_at` FROM `Users` AS `Users` WHERE `Users`.`email` = 'tyagi.aditya844747@gmail.com' LIMIT 1;","timestamp":"2017-11-09T20:26:21.561Z"}
{"level":"info","message":"::ffff:127.0.0.1 - - [09/Nov/2017:20:26:21 +0000] \"POST /token HTTP/1.1\" 200 114\n","timestamp":"2017-11-09T20:26:21.674Z"}
{"level":"info","message":"[Fri Nov 10 2017 02:00:53 GMT+0530 (India Standard Time)] Executing (default): CREATE TABLE IF NOT EXISTS `Users` (`id` INTEGER PRIMARY KEY AUTOINCREMENT, `name` VARCHAR(255) NOT NULL, `password` VARCHAR(255) NOT NULL, `email` VARCHAR(255) NOT NULL UNIQUE, `created_at` DATETIME NOT NULL, `updated_at` DATETIME NOT NULL, UNIQUE (`email`));","timestamp":"2017-11-09T20:30:53.635Z"}
{"level":"info","message":"[Fri Nov 10 2017 02:00:53 GMT+0530 (India Standard Time)] Executing (default): PRAGMA INDEX_LIST(`Users`)","timestamp":"2017-11-09T20:30:53.649Z"}
{"level":"info","message":"[Fri Nov 10 2017 02:00:53 GMT+0530 (India Standard Time)] Executing (default): PRAGMA INDEX_INFO(`sqlite_autoindex_Users_1`)","timestamp":"2017-11-09T20:30:53.653Z"}
{"level":"info","message":"[Fri Nov 10 2017 02:00:53 GMT+0530 (India Standard Time)] Executing (default): CREATE TABLE IF NOT EXISTS `Tasks` (`id` INTEGER PRIMARY KEY AUTOINCREMENT, `title` VARCHAR(255) NOT NULL, `done` TINYINT(1) NOT NULL DEFAULT 0, `created_at` DATETIME NOT NULL, `updated_at` DATETIME NOT NULL, `user_id` INTEGER REFERENCES `Users` (`id`) ON DELETE SET NULL ON UPDATE CASCADE);","timestamp":"2017-11-09T20:30:53.658Z"}
{"level":"info","message":"[Fri Nov 10 2017 02:00:53 GMT+0530 (India Standard Time)] Executing (default): PRAGMA INDEX_LIST(`Tasks`)","timestamp":"2017-11-09T20:30:53.659Z"}
{"level":"info","message":"[Fri Nov 10 2017 02:00:53 GMT+0530 (India Standard Time)] Executing (default): CREATE TABLE IF NOT EXISTS `Users` (`id` INTEGER PRIMARY KEY AUTOINCREMENT, `name` VARCHAR(255) NOT NULL, `password` VARCHAR(255) NOT NULL, `email` VARCHAR(255) NOT NULL UNIQUE, `created_at` DATETIME NOT NULL, `updated_at` DATETIME NOT NULL, UNIQUE (`email`));","timestamp":"2017-11-09T20:30:53.787Z"}
{"level":"info","message":"[Fri Nov 10 2017 02:00:53 GMT+0530 (India Standard Time)] Executing (default): PRAGMA INDEX_LIST(`Users`)","timestamp":"2017-11-09T20:30:53.800Z"}
{"level":"info","message":"[Fri Nov 10 2017 02:00:53 GMT+0530 (India Standard Time)] Executing (default): PRAGMA INDEX_INFO(`sqlite_autoindex_Users_1`)","timestamp":"2017-11-09T20:30:53.803Z"}
{"level":"info","message":"[Fri Nov 10 2017 02:00:53 GMT+0530 (India Standard Time)] Executing (default): CREATE TABLE IF NOT EXISTS `Tasks` (`id` INTEGER PRIMARY KEY AUTOINCREMENT, `title` VARCHAR(255) NOT NULL, `done` TINYINT(1) NOT NULL DEFAULT 0, `created_at` DATETIME NOT NULL, `updated_at` DATETIME NOT NULL, `user_id` INTEGER REFERENCES `Users` (`id`) ON DELETE SET NULL ON UPDATE CASCADE);","timestamp":"2017-11-09T20:30:53.807Z"}
{"level":"info","message":"[Fri Nov 10 2017 02:00:53 GMT+0530 (India Standard Time)] Executing (default): PRAGMA INDEX_LIST(`Tasks`)","timestamp":"2017-11-09T20:30:53.809Z"}
{"level":"info","message":"[Fri Nov 10 2017 02:00:53 GMT+0530 (India Standard Time)] Executing (default): CREATE TABLE IF NOT EXISTS `Users` (`id` INTEGER PRIMARY KEY AUTOINCREMENT, `name` VARCHAR(255) NOT NULL, `password` VARCHAR(255) NOT NULL, `email` VARCHAR(255) NOT NULL UNIQUE, `created_at` DATETIME NOT NULL, `updated_at` DATETIME NOT NULL, UNIQUE (`email`));","timestamp":"2017-11-09T20:30:53.831Z"}
{"level":"info","message":"[Fri Nov 10 2017 02:00:53 GMT+0530 (India Standard Time)] Executing (default): PRAGMA INDEX_LIST(`Users`)","timestamp":"2017-11-09T20:30:53.840Z"}
{"level":"info","message":"[Fri Nov 10 2017 02:00:53 GMT+0530 (India Standard Time)] Executing (default): PRAGMA INDEX_INFO(`sqlite_autoindex_Users_1`)","timestamp":"2017-11-09T20:30:53.842Z"}
{"level":"info","message":"[Fri Nov 10 2017 02:00:53 GMT+0530 (India Standard Time)] Executing (default): CREATE TABLE IF NOT EXISTS `Tasks` (`id` INTEGER PRIMARY KEY AUTOINCREMENT, `title` VARCHAR(255) NOT NULL, `done` TINYINT(1) NOT NULL DEFAULT 0, `created_at` DATETIME NOT NULL, `updated_at` DATETIME NOT NULL, `user_id` INTEGER REFERENCES `Users` (`id`) ON DELETE SET NULL ON UPDATE CASCADE);","timestamp":"2017-11-09T20:30:53.845Z"}
{"level":"info","message":"[Fri Nov 10 2017 02:00:53 GMT+0530 (India Standard Time)] Executing (default): PRAGMA INDEX_LIST(`Tasks`)","timestamp":"2017-11-09T20:30:53.846Z"}
{"level":"info","message":"[Fri Nov 10 2017 02:00:53 GMT+0530 (India Standard Time)] Executing (default): CREATE TABLE IF NOT EXISTS `Users` (`id` INTEGER PRIMARY KEY AUTOINCREMENT, `name` VARCHAR(255) NOT NULL, `password` VARCHAR(255) NOT NULL, `email` VARCHAR(255) NOT NULL UNIQUE, `created_at` DATETIME NOT NULL, `updated_at` DATETIME NOT NULL, UNIQUE (`email`));","timestamp":"2017-11-09T20:30:53.873Z"}
{"level":"info","message":"[Fri Nov 10 2017 02:00:53 GMT+0530 (India Standard Time)] Executing (default): PRAGMA INDEX_LIST(`Users`)","timestamp":"2017-11-09T20:30:53.889Z"}
{"level":"info","message":"[Fri Nov 10 2017 02:00:53 GMT+0530 (India Standard Time)] Executing (default): PRAGMA INDEX_INFO(`sqlite_autoindex_Users_1`)","timestamp":"2017-11-09T20:30:53.892Z"}
{"level":"info","message":"[Fri Nov 10 2017 02:00:53 GMT+0530 (India Standard Time)] Executing (default): CREATE TABLE IF NOT EXISTS `Tasks` (`id` INTEGER PRIMARY KEY AUTOINCREMENT, `title` VARCHAR(255) NOT NULL, `done` TINYINT(1) NOT NULL DEFAULT 0, `created_at` DATETIME NOT NULL, `updated_at` DATETIME NOT NULL, `user_id` INTEGER REFERENCES `Users` (`id`) ON DELETE SET NULL ON UPDATE CASCADE);","timestamp":"2017-11-09T20:30:53.895Z"}
{"level":"info","message":"[Fri Nov 10 2017 02:00:53 GMT+0530 (India Standard Time)] Executing (default): PRAGMA INDEX_LIST(`Tasks`)","timestamp":"2017-11-09T20:30:53.896Z"}
{"level":"info","message":"::ffff:127.0.0.1 - - [09/Nov/2017:20:31:34 +0000] \"OPTIONS /token HTTP/1.1\" 204 -\n","timestamp":"2017-11-09T20:31:34.107Z"}
{"level":"info","message":"[Fri Nov 10 2017 02:01:34 GMT+0530 (India Standard Time)] Executing (default): SELECT `id`, `name`, `password`, `email`, `created_at`, `updated_at` FROM `Users` AS `Users` WHERE `Users`.`email` = 'tyagi.aditya844747@gmail.com' LIMIT 1;","timestamp":"2017-11-09T20:31:34.136Z"}
{"level":"info","message":"::ffff:127.0.0.1 - - [09/Nov/2017:20:31:34 +0000] \"POST /token HTTP/1.1\" 200 114\n","timestamp":"2017-11-09T20:31:34.250Z"}
