{"level":"info","message":"[Thu Nov 09 2017 14:36:57 GMT+0530 (India Standard Time)] Executing (default): CREATE TABLE IF NOT EXISTS `Users` (`id` INTEGER PRIMARY KEY AUTOINCREMENT, `name` VARCHAR(255) NOT NULL, `password` VARCHAR(255) NOT NULL, `email` VARCHAR(255) NOT NULL UNIQUE, `created_at` DATETIME NOT NULL, `updated_at` DATETIME NOT NULL, UNIQUE (`email`));","timestamp":"2017-11-09T09:06:57.439Z"}
{"level":"info","message":"[Thu Nov 09 2017 14:36:57 GMT+0530 (India Standard Time)] Executing (default): PRAGMA INDEX_LIST(`Users`)","timestamp":"2017-11-09T09:06:57.454Z"}
{"level":"info","message":"[Thu Nov 09 2017 14:36:57 GMT+0530 (India Standard Time)] Executing (default): PRAGMA INDEX_INFO(`sqlite_autoindex_Users_1`)","timestamp":"2017-11-09T09:06:57.456Z"}
{"level":"info","message":"[Thu Nov 09 2017 14:36:57 GMT+0530 (India Standard Time)] Executing (default): CREATE TABLE IF NOT EXISTS `Tasks` (`id` INTEGER PRIMARY KEY AUTOINCREMENT, `title` VARCHAR(255) NOT NULL, `done` TINYINT(1) NOT NULL DEFAULT 0, `created_at` DATETIME NOT NULL, `updated_at` DATETIME NOT NULL, `user_id` INTEGER REFERENCES `Users` (`id`) ON DELETE SET NULL ON UPDATE CASCADE);","timestamp":"2017-11-09T09:06:57.460Z"}
{"level":"info","message":"[Thu Nov 09 2017 14:36:57 GMT+0530 (India Standard Time)] Executing (default): PRAGMA INDEX_LIST(`Tasks`)","timestamp":"2017-11-09T09:06:57.461Z"}
{"level":"info","message":"::1 - - [09/Nov/2017:09:07:08 +0000] \"GET / HTTP/1.1\" 200 40\n","timestamp":"2017-11-09T09:07:08.869Z"}
{"level":"info","message":"::1 - - [09/Nov/2017:09:07:10 +0000] \"GET /favicon.ico HTTP/1.1\" 404 150\n","timestamp":"2017-11-09T09:07:10.724Z"}
{"level":"info","message":"::1 - - [09/Nov/2017:09:07:14 +0000] \"GET / HTTP/1.1\" 304 -\n","timestamp":"2017-11-09T09:07:14.352Z"}
{"level":"info","message":"::1 - - [09/Nov/2017:09:07:46 +0000] \"GET /tasks HTTP/1.1\" 401 -\n","timestamp":"2017-11-09T09:07:46.532Z"}
{"level":"info","message":"::1 - - [09/Nov/2017:09:08:05 +0000] \"GET /tasks/1 HTTP/1.1\" 401 -\n","timestamp":"2017-11-09T09:08:05.648Z"}
{"level":"info","message":"::1 - - [09/Nov/2017:09:08:26 +0000] \"GET /users HTTP/1.1\" 404 144\n","timestamp":"2017-11-09T09:08:26.810Z"}
{"level":"info","message":"[Thu Nov 09 2017 14:56:01 GMT+0530 (India Standard Time)] Executing (default): CREATE TABLE IF NOT EXISTS `Users` (`id` INTEGER PRIMARY KEY AUTOINCREMENT, `name` VARCHAR(255) NOT NULL, `password` VARCHAR(255) NOT NULL, `email` VARCHAR(255) NOT NULL UNIQUE, `created_at` DATETIME NOT NULL, `updated_at` DATETIME NOT NULL, UNIQUE (`email`));","timestamp":"2017-11-09T09:26:01.307Z"}
{"level":"info","message":"[Thu Nov 09 2017 14:56:01 GMT+0530 (India Standard Time)] Executing (default): CREATE TABLE IF NOT EXISTS `Users` (`id` INTEGER PRIMARY KEY AUTOINCREMENT, `name` VARCHAR(255) NOT NULL, `password` VARCHAR(255) NOT NULL, `email` VARCHAR(255) NOT NULL UNIQUE, `created_at` DATETIME NOT NULL, `updated_at` DATETIME NOT NULL, UNIQUE (`email`));","timestamp":"2017-11-09T09:26:01.307Z"}
{"level":"info","message":"[Thu Nov 09 2017 14:56:01 GMT+0530 (India Standard Time)] Executing (default): CREATE TABLE IF NOT EXISTS `Users` (`id` INTEGER PRIMARY KEY AUTOINCREMENT, `name` VARCHAR(255) NOT NULL, `password` VARCHAR(255) NOT NULL, `email` VARCHAR(255) NOT NULL UNIQUE, `created_at` DATETIME NOT NULL, `updated_at` DATETIME NOT NULL, UNIQUE (`email`));","timestamp":"2017-11-09T09:26:01.307Z"}
{"level":"info","message":"[Thu Nov 09 2017 14:56:01 GMT+0530 (India Standard Time)] Executing (default): PRAGMA INDEX_LIST(`Users`)","timestamp":"2017-11-09T09:26:01.320Z"}
{"level":"info","message":"[Thu Nov 09 2017 14:56:01 GMT+0530 (India Standard Time)] Executing (default): PRAGMA INDEX_LIST(`Users`)","timestamp":"2017-11-09T09:26:01.320Z"}
{"level":"info","message":"[Thu Nov 09 2017 14:56:01 GMT+0530 (India Standard Time)] Executing (default): CREATE TABLE IF NOT EXISTS `Users` (`id` INTEGER PRIMARY KEY AUTOINCREMENT, `name` VARCHAR(255) NOT NULL, `password` VARCHAR(255) NOT NULL, `email` VARCHAR(255) NOT NULL UNIQUE, `created_at` DATETIME NOT NULL, `updated_at` DATETIME NOT NULL, UNIQUE (`email`));","timestamp":"2017-11-09T09:26:01.310Z"}
{"level":"info","message":"[Thu Nov 09 2017 14:56:01 GMT+0530 (India Standard Time)] Executing (default): PRAGMA INDEX_LIST(`Users`)","timestamp":"2017-11-09T09:26:01.321Z"}
{"level":"info","message":"[Thu Nov 09 2017 14:56:01 GMT+0530 (India Standard Time)] Executing (default): PRAGMA INDEX_INFO(`sqlite_autoindex_Users_1`)","timestamp":"2017-11-09T09:26:01.323Z"}
{"level":"info","message":"[Thu Nov 09 2017 14:56:01 GMT+0530 (India Standard Time)] Executing (default): PRAGMA INDEX_INFO(`sqlite_autoindex_Users_1`)","timestamp":"2017-11-09T09:26:01.324Z"}
{"level":"info","message":"[Thu Nov 09 2017 14:56:01 GMT+0530 (India Standard Time)] Executing (default): PRAGMA INDEX_INFO(`sqlite_autoindex_Users_1`)","timestamp":"2017-11-09T09:26:01.325Z"}
{"level":"info","message":"[Thu Nov 09 2017 14:56:01 GMT+0530 (India Standard Time)] Executing (default): PRAGMA INDEX_LIST(`Users`)","timestamp":"2017-11-09T09:26:01.325Z"}
{"level":"info","message":"[Thu Nov 09 2017 14:56:01 GMT+0530 (India Standard Time)] Executing (default): PRAGMA INDEX_INFO(`sqlite_autoindex_Users_1`)","timestamp":"2017-11-09T09:26:01.328Z"}
{"level":"info","message":"[Thu Nov 09 2017 14:56:01 GMT+0530 (India Standard Time)] Executing (default): CREATE TABLE IF NOT EXISTS `Tasks` (`id` INTEGER PRIMARY KEY AUTOINCREMENT, `title` VARCHAR(255) NOT NULL, `done` TINYINT(1) NOT NULL DEFAULT 0, `created_at` DATETIME NOT NULL, `updated_at` DATETIME NOT NULL, `user_id` INTEGER REFERENCES `Users` (`id`) ON DELETE SET NULL ON UPDATE CASCADE);","timestamp":"2017-11-09T09:26:01.330Z"}
{"level":"info","message":"[Thu Nov 09 2017 14:56:01 GMT+0530 (India Standard Time)] Executing (default): CREATE TABLE IF NOT EXISTS `Tasks` (`id` INTEGER PRIMARY KEY AUTOINCREMENT, `title` VARCHAR(255) NOT NULL, `done` TINYINT(1) NOT NULL DEFAULT 0, `created_at` DATETIME NOT NULL, `updated_at` DATETIME NOT NULL, `user_id` INTEGER REFERENCES `Users` (`id`) ON DELETE SET NULL ON UPDATE CASCADE);","timestamp":"2017-11-09T09:26:01.331Z"}
{"level":"info","message":"[Thu Nov 09 2017 14:56:01 GMT+0530 (India Standard Time)] Executing (default): PRAGMA INDEX_LIST(`Tasks`)","timestamp":"2017-11-09T09:26:01.332Z"}
{"level":"info","message":"[Thu Nov 09 2017 14:56:01 GMT+0530 (India Standard Time)] Executing (default): PRAGMA INDEX_LIST(`Tasks`)","timestamp":"2017-11-09T09:26:01.332Z"}
{"level":"info","message":"[Thu Nov 09 2017 14:56:01 GMT+0530 (India Standard Time)] Executing (default): CREATE TABLE IF NOT EXISTS `Tasks` (`id` INTEGER PRIMARY KEY AUTOINCREMENT, `title` VARCHAR(255) NOT NULL, `done` TINYINT(1) NOT NULL DEFAULT 0, `created_at` DATETIME NOT NULL, `updated_at` DATETIME NOT NULL, `user_id` INTEGER REFERENCES `Users` (`id`) ON DELETE SET NULL ON UPDATE CASCADE);","timestamp":"2017-11-09T09:26:01.333Z"}
{"level":"info","message":"[Thu Nov 09 2017 14:56:01 GMT+0530 (India Standard Time)] Executing (default): CREATE TABLE IF NOT EXISTS `Tasks` (`id` INTEGER PRIMARY KEY AUTOINCREMENT, `title` VARCHAR(255) NOT NULL, `done` TINYINT(1) NOT NULL DEFAULT 0, `created_at` DATETIME NOT NULL, `updated_at` DATETIME NOT NULL, `user_id` INTEGER REFERENCES `Users` (`id`) ON DELETE SET NULL ON UPDATE CASCADE);","timestamp":"2017-11-09T09:26:01.333Z"}
{"level":"info","message":"[Thu Nov 09 2017 14:56:01 GMT+0530 (India Standard Time)] Executing (default): PRAGMA INDEX_LIST(`Tasks`)","timestamp":"2017-11-09T09:26:01.335Z"}
{"level":"info","message":"[Thu Nov 09 2017 14:56:01 GMT+0530 (India Standard Time)] Executing (default): PRAGMA INDEX_LIST(`Tasks`)","timestamp":"2017-11-09T09:26:01.337Z"}
{"level":"info","message":"[Thu Nov 09 2017 14:58:35 GMT+0530 (India Standard Time)] Executing (default): CREATE TABLE IF NOT EXISTS `Users` (`id` INTEGER PRIMARY KEY AUTOINCREMENT, `name` VARCHAR(255) NOT NULL, `password` VARCHAR(255) NOT NULL, `email` VARCHAR(255) NOT NULL UNIQUE, `created_at` DATETIME NOT NULL, `updated_at` DATETIME NOT NULL, UNIQUE (`email`));","timestamp":"2017-11-09T09:28:35.544Z"}
{"level":"info","message":"[Thu Nov 09 2017 14:58:35 GMT+0530 (India Standard Time)] Executing (default): PRAGMA INDEX_LIST(`Users`)","timestamp":"2017-11-09T09:28:35.566Z"}
{"level":"info","message":"[Thu Nov 09 2017 14:58:35 GMT+0530 (India Standard Time)] Executing (default): PRAGMA INDEX_INFO(`sqlite_autoindex_Users_1`)","timestamp":"2017-11-09T09:28:35.570Z"}
{"level":"info","message":"[Thu Nov 09 2017 14:58:35 GMT+0530 (India Standard Time)] Executing (default): CREATE TABLE IF NOT EXISTS `Tasks` (`id` INTEGER PRIMARY KEY AUTOINCREMENT, `title` VARCHAR(255) NOT NULL, `done` TINYINT(1) NOT NULL DEFAULT 0, `created_at` DATETIME NOT NULL, `updated_at` DATETIME NOT NULL, `user_id` INTEGER REFERENCES `Users` (`id`) ON DELETE SET NULL ON UPDATE CASCADE);","timestamp":"2017-11-09T09:28:35.578Z"}
{"level":"info","message":"[Thu Nov 09 2017 14:58:35 GMT+0530 (India Standard Time)] Executing (default): PRAGMA INDEX_LIST(`Tasks`)","timestamp":"2017-11-09T09:28:35.580Z"}
{"level":"info","message":"[Thu Nov 09 2017 14:58:35 GMT+0530 (India Standard Time)] Executing (default): CREATE TABLE IF NOT EXISTS `Users` (`id` INTEGER PRIMARY KEY AUTOINCREMENT, `name` VARCHAR(255) NOT NULL, `password` VARCHAR(255) NOT NULL, `email` VARCHAR(255) NOT NULL UNIQUE, `created_at` DATETIME NOT NULL, `updated_at` DATETIME NOT NULL, UNIQUE (`email`));","timestamp":"2017-11-09T09:28:35.666Z"}
{"level":"info","message":"[Thu Nov 09 2017 14:58:35 GMT+0530 (India Standard Time)] Executing (default): PRAGMA INDEX_LIST(`Users`)","timestamp":"2017-11-09T09:28:35.681Z"}
{"level":"info","message":"[Thu Nov 09 2017 14:58:35 GMT+0530 (India Standard Time)] Executing (default): PRAGMA INDEX_INFO(`sqlite_autoindex_Users_1`)","timestamp":"2017-11-09T09:28:35.686Z"}
{"level":"info","message":"[Thu Nov 09 2017 14:58:35 GMT+0530 (India Standard Time)] Executing (default): CREATE TABLE IF NOT EXISTS `Tasks` (`id` INTEGER PRIMARY KEY AUTOINCREMENT, `title` VARCHAR(255) NOT NULL, `done` TINYINT(1) NOT NULL DEFAULT 0, `created_at` DATETIME NOT NULL, `updated_at` DATETIME NOT NULL, `user_id` INTEGER REFERENCES `Users` (`id`) ON DELETE SET NULL ON UPDATE CASCADE);","timestamp":"2017-11-09T09:28:35.692Z"}
{"level":"info","message":"[Thu Nov 09 2017 14:58:35 GMT+0530 (India Standard Time)] Executing (default): PRAGMA INDEX_LIST(`Tasks`)","timestamp":"2017-11-09T09:28:35.694Z"}
{"level":"info","message":"[Thu Nov 09 2017 14:58:35 GMT+0530 (India Standard Time)] Executing (default): CREATE TABLE IF NOT EXISTS `Users` (`id` INTEGER PRIMARY KEY AUTOINCREMENT, `name` VARCHAR(255) NOT NULL, `password` VARCHAR(255) NOT NULL, `email` VARCHAR(255) NOT NULL UNIQUE, `created_at` DATETIME NOT NULL, `updated_at` DATETIME NOT NULL, UNIQUE (`email`));","timestamp":"2017-11-09T09:28:35.786Z"}
{"level":"info","message":"[Thu Nov 09 2017 14:58:35 GMT+0530 (India Standard Time)] Executing (default): PRAGMA INDEX_LIST(`Users`)","timestamp":"2017-11-09T09:28:35.801Z"}
{"level":"info","message":"[Thu Nov 09 2017 14:58:35 GMT+0530 (India Standard Time)] Executing (default): PRAGMA INDEX_INFO(`sqlite_autoindex_Users_1`)","timestamp":"2017-11-09T09:28:35.804Z"}
{"level":"info","message":"[Thu Nov 09 2017 14:58:35 GMT+0530 (India Standard Time)] Executing (default): CREATE TABLE IF NOT EXISTS `Tasks` (`id` INTEGER PRIMARY KEY AUTOINCREMENT, `title` VARCHAR(255) NOT NULL, `done` TINYINT(1) NOT NULL DEFAULT 0, `created_at` DATETIME NOT NULL, `updated_at` DATETIME NOT NULL, `user_id` INTEGER REFERENCES `Users` (`id`) ON DELETE SET NULL ON UPDATE CASCADE);","timestamp":"2017-11-09T09:28:35.808Z"}
{"level":"info","message":"[Thu Nov 09 2017 14:58:35 GMT+0530 (India Standard Time)] Executing (default): PRAGMA INDEX_LIST(`Tasks`)","timestamp":"2017-11-09T09:28:35.809Z"}
{"level":"info","message":"[Thu Nov 09 2017 14:58:35 GMT+0530 (India Standard Time)] Executing (default): CREATE TABLE IF NOT EXISTS `Users` (`id` INTEGER PRIMARY KEY AUTOINCREMENT, `name` VARCHAR(255) NOT NULL, `password` VARCHAR(255) NOT NULL, `email` VARCHAR(255) NOT NULL UNIQUE, `created_at` DATETIME NOT NULL, `updated_at` DATETIME NOT NULL, UNIQUE (`email`));","timestamp":"2017-11-09T09:28:35.830Z"}
{"level":"info","message":"[Thu Nov 09 2017 14:58:35 GMT+0530 (India Standard Time)] Executing (default): PRAGMA INDEX_LIST(`Users`)","timestamp":"2017-11-09T09:28:35.839Z"}
{"level":"info","message":"[Thu Nov 09 2017 14:58:35 GMT+0530 (India Standard Time)] Executing (default): PRAGMA INDEX_INFO(`sqlite_autoindex_Users_1`)","timestamp":"2017-11-09T09:28:35.841Z"}
{"level":"info","message":"[Thu Nov 09 2017 14:58:35 GMT+0530 (India Standard Time)] Executing (default): CREATE TABLE IF NOT EXISTS `Tasks` (`id` INTEGER PRIMARY KEY AUTOINCREMENT, `title` VARCHAR(255) NOT NULL, `done` TINYINT(1) NOT NULL DEFAULT 0, `created_at` DATETIME NOT NULL, `updated_at` DATETIME NOT NULL, `user_id` INTEGER REFERENCES `Users` (`id`) ON DELETE SET NULL ON UPDATE CASCADE);","timestamp":"2017-11-09T09:28:35.846Z"}
{"level":"info","message":"[Thu Nov 09 2017 14:58:35 GMT+0530 (India Standard Time)] Executing (default): PRAGMA INDEX_LIST(`Tasks`)","timestamp":"2017-11-09T09:28:35.847Z"}
{"level":"info","message":"::1 - - [09/Nov/2017:09:28:51 +0000] \"GET / HTTP/1.1\" 304 -\n","timestamp":"2017-11-09T09:28:51.849Z"}
{"level":"info","message":"[Thu Nov 09 2017 15:05:45 GMT+0530 (India Standard Time)] Executing (default): CREATE TABLE IF NOT EXISTS `Users` (`id` INTEGER PRIMARY KEY AUTOINCREMENT, `name` VARCHAR(255) NOT NULL, `password` VARCHAR(255) NOT NULL, `email` VARCHAR(255) NOT NULL UNIQUE, `created_at` DATETIME NOT NULL, `updated_at` DATETIME NOT NULL, UNIQUE (`email`));","timestamp":"2017-11-09T09:35:45.143Z"}
{"level":"info","message":"[Thu Nov 09 2017 15:05:45 GMT+0530 (India Standard Time)] Executing (default): PRAGMA INDEX_LIST(`Users`)","timestamp":"2017-11-09T09:35:45.159Z"}
{"level":"info","message":"[Thu Nov 09 2017 15:05:45 GMT+0530 (India Standard Time)] Executing (default): PRAGMA INDEX_INFO(`sqlite_autoindex_Users_1`)","timestamp":"2017-11-09T09:35:45.162Z"}
{"level":"info","message":"[Thu Nov 09 2017 15:05:45 GMT+0530 (India Standard Time)] Executing (default): CREATE TABLE IF NOT EXISTS `Tasks` (`id` INTEGER PRIMARY KEY AUTOINCREMENT, `title` VARCHAR(255) NOT NULL, `done` TINYINT(1) NOT NULL DEFAULT 0, `created_at` DATETIME NOT NULL, `updated_at` DATETIME NOT NULL, `user_id` INTEGER REFERENCES `Users` (`id`) ON DELETE SET NULL ON UPDATE CASCADE);","timestamp":"2017-11-09T09:35:45.167Z"}
{"level":"info","message":"[Thu Nov 09 2017 15:05:45 GMT+0530 (India Standard Time)] Executing (default): PRAGMA INDEX_LIST(`Tasks`)","timestamp":"2017-11-09T09:35:45.169Z"}
{"level":"info","message":"[Thu Nov 09 2017 15:05:45 GMT+0530 (India Standard Time)] Executing (default): CREATE TABLE IF NOT EXISTS `Users` (`id` INTEGER PRIMARY KEY AUTOINCREMENT, `name` VARCHAR(255) NOT NULL, `password` VARCHAR(255) NOT NULL, `email` VARCHAR(255) NOT NULL UNIQUE, `created_at` DATETIME NOT NULL, `updated_at` DATETIME NOT NULL, UNIQUE (`email`));","timestamp":"2017-11-09T09:35:45.229Z"}
{"level":"info","message":"[Thu Nov 09 2017 15:05:45 GMT+0530 (India Standard Time)] Executing (default): PRAGMA INDEX_LIST(`Users`)","timestamp":"2017-11-09T09:35:45.243Z"}
{"level":"info","message":"[Thu Nov 09 2017 15:05:45 GMT+0530 (India Standard Time)] Executing (default): PRAGMA INDEX_INFO(`sqlite_autoindex_Users_1`)","timestamp":"2017-11-09T09:35:45.246Z"}
{"level":"info","message":"[Thu Nov 09 2017 15:05:45 GMT+0530 (India Standard Time)] Executing (default): CREATE TABLE IF NOT EXISTS `Tasks` (`id` INTEGER PRIMARY KEY AUTOINCREMENT, `title` VARCHAR(255) NOT NULL, `done` TINYINT(1) NOT NULL DEFAULT 0, `created_at` DATETIME NOT NULL, `updated_at` DATETIME NOT NULL, `user_id` INTEGER REFERENCES `Users` (`id`) ON DELETE SET NULL ON UPDATE CASCADE);","timestamp":"2017-11-09T09:35:45.254Z"}
{"level":"info","message":"[Thu Nov 09 2017 15:05:45 GMT+0530 (India Standard Time)] Executing (default): PRAGMA INDEX_LIST(`Tasks`)","timestamp":"2017-11-09T09:35:45.256Z"}
{"level":"info","message":"[Thu Nov 09 2017 15:05:45 GMT+0530 (India Standard Time)] Executing (default): CREATE TABLE IF NOT EXISTS `Users` (`id` INTEGER PRIMARY KEY AUTOINCREMENT, `name` VARCHAR(255) NOT NULL, `password` VARCHAR(255) NOT NULL, `email` VARCHAR(255) NOT NULL UNIQUE, `created_at` DATETIME NOT NULL, `updated_at` DATETIME NOT NULL, UNIQUE (`email`));","timestamp":"2017-11-09T09:35:45.326Z"}
{"level":"info","message":"[Thu Nov 09 2017 15:05:45 GMT+0530 (India Standard Time)] Executing (default): PRAGMA INDEX_LIST(`Users`)","timestamp":"2017-11-09T09:35:45.334Z"}
{"level":"info","message":"[Thu Nov 09 2017 15:05:45 GMT+0530 (India Standard Time)] Executing (default): PRAGMA INDEX_INFO(`sqlite_autoindex_Users_1`)","timestamp":"2017-11-09T09:35:45.337Z"}
{"level":"info","message":"[Thu Nov 09 2017 15:05:45 GMT+0530 (India Standard Time)] Executing (default): CREATE TABLE IF NOT EXISTS `Tasks` (`id` INTEGER PRIMARY KEY AUTOINCREMENT, `title` VARCHAR(255) NOT NULL, `done` TINYINT(1) NOT NULL DEFAULT 0, `created_at` DATETIME NOT NULL, `updated_at` DATETIME NOT NULL, `user_id` INTEGER REFERENCES `Users` (`id`) ON DELETE SET NULL ON UPDATE CASCADE);","timestamp":"2017-11-09T09:35:45.340Z"}
{"level":"info","message":"[Thu Nov 09 2017 15:05:45 GMT+0530 (India Standard Time)] Executing (default): PRAGMA INDEX_LIST(`Tasks`)","timestamp":"2017-11-09T09:35:45.342Z"}
{"level":"info","message":"[Thu Nov 09 2017 15:05:45 GMT+0530 (India Standard Time)] Executing (default): CREATE TABLE IF NOT EXISTS `Users` (`id` INTEGER PRIMARY KEY AUTOINCREMENT, `name` VARCHAR(255) NOT NULL, `password` VARCHAR(255) NOT NULL, `email` VARCHAR(255) NOT NULL UNIQUE, `created_at` DATETIME NOT NULL, `updated_at` DATETIME NOT NULL, UNIQUE (`email`));","timestamp":"2017-11-09T09:35:45.346Z"}
{"level":"info","message":"[Thu Nov 09 2017 15:05:45 GMT+0530 (India Standard Time)] Executing (default): PRAGMA INDEX_LIST(`Users`)","timestamp":"2017-11-09T09:35:45.354Z"}
{"level":"info","message":"[Thu Nov 09 2017 15:05:45 GMT+0530 (India Standard Time)] Executing (default): PRAGMA INDEX_INFO(`sqlite_autoindex_Users_1`)","timestamp":"2017-11-09T09:35:45.356Z"}
{"level":"info","message":"[Thu Nov 09 2017 15:05:45 GMT+0530 (India Standard Time)] Executing (default): CREATE TABLE IF NOT EXISTS `Tasks` (`id` INTEGER PRIMARY KEY AUTOINCREMENT, `title` VARCHAR(255) NOT NULL, `done` TINYINT(1) NOT NULL DEFAULT 0, `created_at` DATETIME NOT NULL, `updated_at` DATETIME NOT NULL, `user_id` INTEGER REFERENCES `Users` (`id`) ON DELETE SET NULL ON UPDATE CASCADE);","timestamp":"2017-11-09T09:35:45.359Z"}
{"level":"info","message":"[Thu Nov 09 2017 15:05:45 GMT+0530 (India Standard Time)] Executing (default): PRAGMA INDEX_LIST(`Tasks`)","timestamp":"2017-11-09T09:35:45.360Z"}
{"level":"info","message":"::1 - - [09/Nov/2017:09:35:55 +0000] \"GET / HTTP/1.1\" 304 -\n","timestamp":"2017-11-09T09:35:55.721Z"}
{"level":"info","message":"::1 - - [09/Nov/2017:09:36:06 +0000] \"GET / HTTP/1.1\" 304 -\n","timestamp":"2017-11-09T09:36:06.861Z"}
{"level":"info","message":"[Thu Nov 09 2017 15:17:22 GMT+0530 (India Standard Time)] Executing (default): CREATE TABLE IF NOT EXISTS `Users` (`id` INTEGER PRIMARY KEY AUTOINCREMENT, `name` VARCHAR(255) NOT NULL, `password` VARCHAR(255) NOT NULL, `email` VARCHAR(255) NOT NULL UNIQUE, `created_at` DATETIME NOT NULL, `updated_at` DATETIME NOT NULL, UNIQUE (`email`));","timestamp":"2017-11-09T09:47:22.181Z"}
{"level":"info","message":"[Thu Nov 09 2017 15:17:22 GMT+0530 (India Standard Time)] Executing (default): PRAGMA INDEX_LIST(`Users`)","timestamp":"2017-11-09T09:47:22.194Z"}
{"level":"info","message":"[Thu Nov 09 2017 15:17:22 GMT+0530 (India Standard Time)] Executing (default): PRAGMA INDEX_INFO(`sqlite_autoindex_Users_1`)","timestamp":"2017-11-09T09:47:22.197Z"}
{"level":"info","message":"[Thu Nov 09 2017 15:17:22 GMT+0530 (India Standard Time)] Executing (default): CREATE TABLE IF NOT EXISTS `Tasks` (`id` INTEGER PRIMARY KEY AUTOINCREMENT, `title` VARCHAR(255) NOT NULL, `done` TINYINT(1) NOT NULL DEFAULT 0, `created_at` DATETIME NOT NULL, `updated_at` DATETIME NOT NULL, `user_id` INTEGER REFERENCES `Users` (`id`) ON DELETE SET NULL ON UPDATE CASCADE);","timestamp":"2017-11-09T09:47:22.205Z"}
{"level":"info","message":"[Thu Nov 09 2017 15:17:22 GMT+0530 (India Standard Time)] Executing (default): PRAGMA INDEX_LIST(`Tasks`)","timestamp":"2017-11-09T09:47:22.206Z"}
{"level":"info","message":"[Thu Nov 09 2017 15:17:22 GMT+0530 (India Standard Time)] Executing (default): CREATE TABLE IF NOT EXISTS `Users` (`id` INTEGER PRIMARY KEY AUTOINCREMENT, `name` VARCHAR(255) NOT NULL, `password` VARCHAR(255) NOT NULL, `email` VARCHAR(255) NOT NULL UNIQUE, `created_at` DATETIME NOT NULL, `updated_at` DATETIME NOT NULL, UNIQUE (`email`));","timestamp":"2017-11-09T09:47:22.213Z"}
{"level":"info","message":"[Thu Nov 09 2017 15:17:22 GMT+0530 (India Standard Time)] Executing (default): PRAGMA INDEX_LIST(`Users`)","timestamp":"2017-11-09T09:47:22.227Z"}
{"level":"info","message":"[Thu Nov 09 2017 15:17:22 GMT+0530 (India Standard Time)] Executing (default): PRAGMA INDEX_INFO(`sqlite_autoindex_Users_1`)","timestamp":"2017-11-09T09:47:22.230Z"}
{"level":"info","message":"[Thu Nov 09 2017 15:17:22 GMT+0530 (India Standard Time)] Executing (default): CREATE TABLE IF NOT EXISTS `Tasks` (`id` INTEGER PRIMARY KEY AUTOINCREMENT, `title` VARCHAR(255) NOT NULL, `done` TINYINT(1) NOT NULL DEFAULT 0, `created_at` DATETIME NOT NULL, `updated_at` DATETIME NOT NULL, `user_id` INTEGER REFERENCES `Users` (`id`) ON DELETE SET NULL ON UPDATE CASCADE);","timestamp":"2017-11-09T09:47:22.235Z"}
{"level":"info","message":"[Thu Nov 09 2017 15:17:22 GMT+0530 (India Standard Time)] Executing (default): PRAGMA INDEX_LIST(`Tasks`)","timestamp":"2017-11-09T09:47:22.237Z"}
{"level":"info","message":"[Thu Nov 09 2017 15:17:22 GMT+0530 (India Standard Time)] Executing (default): CREATE TABLE IF NOT EXISTS `Users` (`id` INTEGER PRIMARY KEY AUTOINCREMENT, `name` VARCHAR(255) NOT NULL, `password` VARCHAR(255) NOT NULL, `email` VARCHAR(255) NOT NULL UNIQUE, `created_at` DATETIME NOT NULL, `updated_at` DATETIME NOT NULL, UNIQUE (`email`));","timestamp":"2017-11-09T09:47:22.271Z"}
{"level":"info","message":"[Thu Nov 09 2017 15:17:22 GMT+0530 (India Standard Time)] Executing (default): PRAGMA INDEX_LIST(`Users`)","timestamp":"2017-11-09T09:47:22.280Z"}
{"level":"info","message":"[Thu Nov 09 2017 15:17:22 GMT+0530 (India Standard Time)] Executing (default): PRAGMA INDEX_INFO(`sqlite_autoindex_Users_1`)","timestamp":"2017-11-09T09:47:22.282Z"}
{"level":"info","message":"[Thu Nov 09 2017 15:17:22 GMT+0530 (India Standard Time)] Executing (default): CREATE TABLE IF NOT EXISTS `Users` (`id` INTEGER PRIMARY KEY AUTOINCREMENT, `name` VARCHAR(255) NOT NULL, `password` VARCHAR(255) NOT NULL, `email` VARCHAR(255) NOT NULL UNIQUE, `created_at` DATETIME NOT NULL, `updated_at` DATETIME NOT NULL, UNIQUE (`email`));","timestamp":"2017-11-09T09:47:22.278Z"}
{"level":"info","message":"[Thu Nov 09 2017 15:17:22 GMT+0530 (India Standard Time)] Executing (default): CREATE TABLE IF NOT EXISTS `Tasks` (`id` INTEGER PRIMARY KEY AUTOINCREMENT, `title` VARCHAR(255) NOT NULL, `done` TINYINT(1) NOT NULL DEFAULT 0, `created_at` DATETIME NOT NULL, `updated_at` DATETIME NOT NULL, `user_id` INTEGER REFERENCES `Users` (`id`) ON DELETE SET NULL ON UPDATE CASCADE);","timestamp":"2017-11-09T09:47:22.286Z"}
{"level":"info","message":"[Thu Nov 09 2017 15:17:22 GMT+0530 (India Standard Time)] Executing (default): PRAGMA INDEX_LIST(`Tasks`)","timestamp":"2017-11-09T09:47:22.287Z"}
{"level":"info","message":"[Thu Nov 09 2017 15:17:22 GMT+0530 (India Standard Time)] Executing (default): PRAGMA INDEX_LIST(`Users`)","timestamp":"2017-11-09T09:47:22.288Z"}
{"level":"info","message":"[Thu Nov 09 2017 15:17:22 GMT+0530 (India Standard Time)] Executing (default): PRAGMA INDEX_INFO(`sqlite_autoindex_Users_1`)","timestamp":"2017-11-09T09:47:22.290Z"}
{"level":"info","message":"[Thu Nov 09 2017 15:17:22 GMT+0530 (India Standard Time)] Executing (default): CREATE TABLE IF NOT EXISTS `Tasks` (`id` INTEGER PRIMARY KEY AUTOINCREMENT, `title` VARCHAR(255) NOT NULL, `done` TINYINT(1) NOT NULL DEFAULT 0, `created_at` DATETIME NOT NULL, `updated_at` DATETIME NOT NULL, `user_id` INTEGER REFERENCES `Users` (`id`) ON DELETE SET NULL ON UPDATE CASCADE);","timestamp":"2017-11-09T09:47:22.293Z"}
{"level":"info","message":"[Thu Nov 09 2017 15:17:22 GMT+0530 (India Standard Time)] Executing (default): PRAGMA INDEX_LIST(`Tasks`)","timestamp":"2017-11-09T09:47:22.294Z"}
{"level":"info","message":"::1 - - [09/Nov/2017:09:48:00 +0000] \"GET / HTTP/1.1\" 200 40\n","timestamp":"2017-11-09T09:48:00.902Z"}
{"level":"info","message":"::1 - - [09/Nov/2017:09:48:02 +0000] \"GET /favicon.ico HTTP/1.1\" 404 150\n","timestamp":"2017-11-09T09:48:02.587Z"}
{"level":"info","message":"::1 - - [09/Nov/2017:09:48:27 +0000] \"GET / HTTP/1.1\" 200 40\n","timestamp":"2017-11-09T09:48:27.916Z"}
{"level":"info","message":"[Thu Nov 09 2017 15:24:37 GMT+0530 (India Standard Time)] Executing (default): CREATE TABLE IF NOT EXISTS `Users` (`id` INTEGER PRIMARY KEY AUTOINCREMENT, `name` VARCHAR(255) NOT NULL, `password` VARCHAR(255) NOT NULL, `email` VARCHAR(255) NOT NULL UNIQUE, `created_at` DATETIME NOT NULL, `updated_at` DATETIME NOT NULL, UNIQUE (`email`));","timestamp":"2017-11-09T09:54:37.468Z"}
{"level":"info","message":"[Thu Nov 09 2017 15:24:37 GMT+0530 (India Standard Time)] Executing (default): PRAGMA INDEX_LIST(`Users`)","timestamp":"2017-11-09T09:54:37.483Z"}
{"level":"info","message":"[Thu Nov 09 2017 15:24:37 GMT+0530 (India Standard Time)] Executing (default): PRAGMA INDEX_INFO(`sqlite_autoindex_Users_1`)","timestamp":"2017-11-09T09:54:37.486Z"}
{"level":"info","message":"[Thu Nov 09 2017 15:24:37 GMT+0530 (India Standard Time)] Executing (default): CREATE TABLE IF NOT EXISTS `Tasks` (`id` INTEGER PRIMARY KEY AUTOINCREMENT, `title` VARCHAR(255) NOT NULL, `done` TINYINT(1) NOT NULL DEFAULT 0, `created_at` DATETIME NOT NULL, `updated_at` DATETIME NOT NULL, `user_id` INTEGER REFERENCES `Users` (`id`) ON DELETE SET NULL ON UPDATE CASCADE);","timestamp":"2017-11-09T09:54:37.493Z"}
{"level":"info","message":"[Thu Nov 09 2017 15:24:37 GMT+0530 (India Standard Time)] Executing (default): PRAGMA INDEX_LIST(`Tasks`)","timestamp":"2017-11-09T09:54:37.495Z"}
{"level":"info","message":"[Thu Nov 09 2017 15:24:37 GMT+0530 (India Standard Time)] Executing (default): CREATE TABLE IF NOT EXISTS `Users` (`id` INTEGER PRIMARY KEY AUTOINCREMENT, `name` VARCHAR(255) NOT NULL, `password` VARCHAR(255) NOT NULL, `email` VARCHAR(255) NOT NULL UNIQUE, `created_at` DATETIME NOT NULL, `updated_at` DATETIME NOT NULL, UNIQUE (`email`));","timestamp":"2017-11-09T09:54:37.685Z"}
{"level":"info","message":"[Thu Nov 09 2017 15:24:37 GMT+0530 (India Standard Time)] Executing (default): PRAGMA INDEX_LIST(`Users`)","timestamp":"2017-11-09T09:54:37.696Z"}
{"level":"info","message":"[Thu Nov 09 2017 15:24:37 GMT+0530 (India Standard Time)] Executing (default): PRAGMA INDEX_INFO(`sqlite_autoindex_Users_1`)","timestamp":"2017-11-09T09:54:37.699Z"}
{"level":"info","message":"[Thu Nov 09 2017 15:24:37 GMT+0530 (India Standard Time)] Executing (default): CREATE TABLE IF NOT EXISTS `Tasks` (`id` INTEGER PRIMARY KEY AUTOINCREMENT, `title` VARCHAR(255) NOT NULL, `done` TINYINT(1) NOT NULL DEFAULT 0, `created_at` DATETIME NOT NULL, `updated_at` DATETIME NOT NULL, `user_id` INTEGER REFERENCES `Users` (`id`) ON DELETE SET NULL ON UPDATE CASCADE);","timestamp":"2017-11-09T09:54:37.702Z"}
{"level":"info","message":"[Thu Nov 09 2017 15:24:37 GMT+0530 (India Standard Time)] Executing (default): PRAGMA INDEX_LIST(`Tasks`)","timestamp":"2017-11-09T09:54:37.704Z"}
{"level":"info","message":"[Thu Nov 09 2017 15:24:37 GMT+0530 (India Standard Time)] Executing (default): CREATE TABLE IF NOT EXISTS `Users` (`id` INTEGER PRIMARY KEY AUTOINCREMENT, `name` VARCHAR(255) NOT NULL, `password` VARCHAR(255) NOT NULL, `email` VARCHAR(255) NOT NULL UNIQUE, `created_at` DATETIME NOT NULL, `updated_at` DATETIME NOT NULL, UNIQUE (`email`));","timestamp":"2017-11-09T09:54:37.765Z"}
{"level":"info","message":"[Thu Nov 09 2017 15:24:37 GMT+0530 (India Standard Time)] Executing (default): PRAGMA INDEX_LIST(`Users`)","timestamp":"2017-11-09T09:54:37.774Z"}
{"level":"info","message":"[Thu Nov 09 2017 15:24:37 GMT+0530 (India Standard Time)] Executing (default): PRAGMA INDEX_INFO(`sqlite_autoindex_Users_1`)","timestamp":"2017-11-09T09:54:37.776Z"}
{"level":"info","message":"[Thu Nov 09 2017 15:24:37 GMT+0530 (India Standard Time)] Executing (default): CREATE TABLE IF NOT EXISTS `Tasks` (`id` INTEGER PRIMARY KEY AUTOINCREMENT, `title` VARCHAR(255) NOT NULL, `done` TINYINT(1) NOT NULL DEFAULT 0, `created_at` DATETIME NOT NULL, `updated_at` DATETIME NOT NULL, `user_id` INTEGER REFERENCES `Users` (`id`) ON DELETE SET NULL ON UPDATE CASCADE);","timestamp":"2017-11-09T09:54:37.780Z"}
{"level":"info","message":"[Thu Nov 09 2017 15:24:37 GMT+0530 (India Standard Time)] Executing (default): PRAGMA INDEX_LIST(`Tasks`)","timestamp":"2017-11-09T09:54:37.781Z"}
{"level":"info","message":"[Thu Nov 09 2017 15:24:37 GMT+0530 (India Standard Time)] Executing (default): CREATE TABLE IF NOT EXISTS `Users` (`id` INTEGER PRIMARY KEY AUTOINCREMENT, `name` VARCHAR(255) NOT NULL, `password` VARCHAR(255) NOT NULL, `email` VARCHAR(255) NOT NULL UNIQUE, `created_at` DATETIME NOT NULL, `updated_at` DATETIME NOT NULL, UNIQUE (`email`));","timestamp":"2017-11-09T09:54:37.803Z"}
{"level":"info","message":"[Thu Nov 09 2017 15:24:37 GMT+0530 (India Standard Time)] Executing (default): PRAGMA INDEX_LIST(`Users`)","timestamp":"2017-11-09T09:54:37.813Z"}
{"level":"info","message":"[Thu Nov 09 2017 15:24:37 GMT+0530 (India Standard Time)] Executing (default): PRAGMA INDEX_INFO(`sqlite_autoindex_Users_1`)","timestamp":"2017-11-09T09:54:37.815Z"}
{"level":"info","message":"[Thu Nov 09 2017 15:24:37 GMT+0530 (India Standard Time)] Executing (default): CREATE TABLE IF NOT EXISTS `Tasks` (`id` INTEGER PRIMARY KEY AUTOINCREMENT, `title` VARCHAR(255) NOT NULL, `done` TINYINT(1) NOT NULL DEFAULT 0, `created_at` DATETIME NOT NULL, `updated_at` DATETIME NOT NULL, `user_id` INTEGER REFERENCES `Users` (`id`) ON DELETE SET NULL ON UPDATE CASCADE);","timestamp":"2017-11-09T09:54:37.818Z"}
{"level":"info","message":"[Thu Nov 09 2017 15:24:37 GMT+0530 (India Standard Time)] Executing (default): PRAGMA INDEX_LIST(`Tasks`)","timestamp":"2017-11-09T09:54:37.819Z"}
{"level":"info","message":"::1 - - [09/Nov/2017:09:54:42 +0000] \"GET / HTTP/1.1\" 200 40\n","timestamp":"2017-11-09T09:54:42.754Z"}
